<?xml version="1.0" encoding="UTF-8"?>
<testsuites name="jest tests" tests="179" failures="117" errors="0" time="3.048">
  <testsuite name="setup-context7 migration tests" errors="0" failures="6" skipped="0" timestamp="2025-09-26T22:12:34" time="0.251" tests="6">
    <testcase classname="setup-context7 migration tests command tests should handle npm commands" name="setup-context7 migration tests command tests should handle npm commands" time="0.008">
      <failure>TypeError: Cannot read properties of undefined (reading &apos;runBashVersion&apos;)
    at runBashVersion (/Users/rla/Projects/AUTOPM/test/migration/jest-migration-helper.js:186:25)
    at Object.runScript (/Users/rla/Projects/AUTOPM/test/migration/behavioral/setup-context7.test.js:28:28)
    at Promise.finally.completed (/Users/rla/Projects/AUTOPM/node_modules/jest-circus/build/jestAdapterInit.js:1556:28)
    at new Promise (&lt;anonymous&gt;)
    at callAsyncCircusFn (/Users/rla/Projects/AUTOPM/node_modules/jest-circus/build/jestAdapterInit.js:1496:10)
    at _callCircusTest (/Users/rla/Projects/AUTOPM/node_modules/jest-circus/build/jestAdapterInit.js:1006:40)
    at _runTest (/Users/rla/Projects/AUTOPM/node_modules/jest-circus/build/jestAdapterInit.js:946:3)
    at _runTestsForDescribeBlock (/Users/rla/Projects/AUTOPM/node_modules/jest-circus/build/jestAdapterInit.js:839:13)
    at _runTestsForDescribeBlock (/Users/rla/Projects/AUTOPM/node_modules/jest-circus/build/jestAdapterInit.js:829:11)
    at _runTestsForDescribeBlock (/Users/rla/Projects/AUTOPM/node_modules/jest-circus/build/jestAdapterInit.js:829:11)
    at run (/Users/rla/Projects/AUTOPM/node_modules/jest-circus/build/jestAdapterInit.js:757:3)
    at runAndTransformResultsToJestFormat (/Users/rla/Projects/AUTOPM/node_modules/jest-circus/build/jestAdapterInit.js:1917:21)
    at jestAdapter (/Users/rla/Projects/AUTOPM/node_modules/jest-circus/build/runner.js:101:19)
    at runTestInternal (/Users/rla/Projects/AUTOPM/node_modules/jest-runner/build/testWorker.js:275:16)
    at runTest (/Users/rla/Projects/AUTOPM/node_modules/jest-runner/build/testWorker.js:343:7)
    at Object.worker (/Users/rla/Projects/AUTOPM/node_modules/jest-runner/build/testWorker.js:497:12)</failure>
    </testcase>
    <testcase classname="setup-context7 migration tests command tests should handle echo commands" name="setup-context7 migration tests command tests should handle echo commands" time="0.001">
      <failure>Error: ENOENT: no such file or directory, mkdtemp &apos;/Users/rla/Projects/AUTOPM/test/test/tmp-6tk9Pa&apos;</failure>
    </testcase>
    <testcase classname="setup-context7 migration tests command tests should handle grep commands" name="setup-context7 migration tests command tests should handle grep commands" time="0.001">
      <failure>Error: ENOENT: no such file or directory, mkdtemp &apos;/Users/rla/Projects/AUTOPM/test/test/tmp-nmZZFq&apos;</failure>
    </testcase>
    <testcase classname="setup-context7 migration tests parity tests should match bash output for standard input" name="setup-context7 migration tests parity tests should match bash output for standard input" time="0.002">
      <failure>Error: ENOENT: no such file or directory, mkdtemp &apos;/Users/rla/Projects/AUTOPM/test/test/tmp-5uS6xY&apos;</failure>
    </testcase>
    <testcase classname="setup-context7 migration tests error handling should handle missing arguments gracefully" name="setup-context7 migration tests error handling should handle missing arguments gracefully" time="0">
      <failure>Error: ENOENT: no such file or directory, mkdtemp &apos;/Users/rla/Projects/AUTOPM/test/test/tmp-raTeKD&apos;</failure>
    </testcase>
    <testcase classname="setup-context7 migration tests error handling should handle invalid input" name="setup-context7 migration tests error handling should handle invalid input" time="0.001">
      <failure>Error: ENOENT: no such file or directory, mkdtemp &apos;/Users/rla/Projects/AUTOPM/test/test/tmp-0Hs5I5&apos;</failure>
    </testcase>
  </testsuite>
  <testsuite name="test-and-log migration tests" errors="0" failures="5" skipped="0" timestamp="2025-09-26T22:12:34" time="0.251" tests="5">
    <testcase classname="test-and-log migration tests command tests should handle echo commands" name="test-and-log migration tests command tests should handle echo commands" time="0.006">
      <failure>TypeError: Cannot read properties of undefined (reading &apos;runBashVersion&apos;)
    at runBashVersion (/Users/rla/Projects/AUTOPM/test/migration/jest-migration-helper.js:186:25)
    at Object.runScript (/Users/rla/Projects/AUTOPM/test/migration/behavioral/test-and-log.test.js:28:28)
    at Promise.finally.completed (/Users/rla/Projects/AUTOPM/node_modules/jest-circus/build/jestAdapterInit.js:1556:28)
    at new Promise (&lt;anonymous&gt;)
    at callAsyncCircusFn (/Users/rla/Projects/AUTOPM/node_modules/jest-circus/build/jestAdapterInit.js:1496:10)
    at _callCircusTest (/Users/rla/Projects/AUTOPM/node_modules/jest-circus/build/jestAdapterInit.js:1006:40)
    at _runTest (/Users/rla/Projects/AUTOPM/node_modules/jest-circus/build/jestAdapterInit.js:946:3)
    at _runTestsForDescribeBlock (/Users/rla/Projects/AUTOPM/node_modules/jest-circus/build/jestAdapterInit.js:839:13)
    at _runTestsForDescribeBlock (/Users/rla/Projects/AUTOPM/node_modules/jest-circus/build/jestAdapterInit.js:829:11)
    at _runTestsForDescribeBlock (/Users/rla/Projects/AUTOPM/node_modules/jest-circus/build/jestAdapterInit.js:829:11)
    at run (/Users/rla/Projects/AUTOPM/node_modules/jest-circus/build/jestAdapterInit.js:757:3)
    at runAndTransformResultsToJestFormat (/Users/rla/Projects/AUTOPM/node_modules/jest-circus/build/jestAdapterInit.js:1917:21)
    at jestAdapter (/Users/rla/Projects/AUTOPM/node_modules/jest-circus/build/runner.js:101:19)
    at runTestInternal (/Users/rla/Projects/AUTOPM/node_modules/jest-runner/build/testWorker.js:275:16)
    at runTest (/Users/rla/Projects/AUTOPM/node_modules/jest-runner/build/testWorker.js:343:7)
    at Object.worker (/Users/rla/Projects/AUTOPM/node_modules/jest-runner/build/testWorker.js:497:12)</failure>
    </testcase>
    <testcase classname="test-and-log migration tests command tests should handle test commands" name="test-and-log migration tests command tests should handle test commands" time="0.001">
      <failure>Error: ENOENT: no such file or directory, mkdtemp &apos;/Users/rla/Projects/AUTOPM/test/test/tmp-TsMlix&apos;</failure>
    </testcase>
    <testcase classname="test-and-log migration tests parity tests should match bash output for standard input" name="test-and-log migration tests parity tests should match bash output for standard input" time="0">
      <failure>Error: ENOENT: no such file or directory, mkdtemp &apos;/Users/rla/Projects/AUTOPM/test/test/tmp-b0rqCN&apos;</failure>
    </testcase>
    <testcase classname="test-and-log migration tests error handling should handle missing arguments gracefully" name="test-and-log migration tests error handling should handle missing arguments gracefully" time="0.001">
      <failure>Error: ENOENT: no such file or directory, mkdtemp &apos;/Users/rla/Projects/AUTOPM/test/test/tmp-8JBPlM&apos;</failure>
    </testcase>
    <testcase classname="test-and-log migration tests error handling should handle invalid input" name="test-and-log migration tests error handling should handle invalid input" time="0.001">
      <failure>Error: ENOENT: no such file or directory, mkdtemp &apos;/Users/rla/Projects/AUTOPM/test/test/tmp-BQcMWY&apos;</failure>
    </testcase>
  </testsuite>
  <testsuite name="install-hooks migration tests" errors="0" failures="10" skipped="0" timestamp="2025-09-26T22:12:34" time="0.254" tests="10">
    <testcase classname="install-hooks migration tests behavioral tests should execute install_hook function correctly" name="install-hooks migration tests behavioral tests should execute install_hook function correctly" time="0.007">
      <failure>TypeError: Cannot read properties of undefined (reading &apos;runBashVersion&apos;)
    at runBashVersion (/Users/rla/Projects/AUTOPM/test/migration/jest-migration-helper.js:186:25)
    at Object.runScript (/Users/rla/Projects/AUTOPM/test/migration/behavioral/install-hooks.test.js:24:28)
    at Promise.finally.completed (/Users/rla/Projects/AUTOPM/node_modules/jest-circus/build/jestAdapterInit.js:1556:28)
    at new Promise (&lt;anonymous&gt;)
    at callAsyncCircusFn (/Users/rla/Projects/AUTOPM/node_modules/jest-circus/build/jestAdapterInit.js:1496:10)
    at _callCircusTest (/Users/rla/Projects/AUTOPM/node_modules/jest-circus/build/jestAdapterInit.js:1006:40)
    at _runTest (/Users/rla/Projects/AUTOPM/node_modules/jest-circus/build/jestAdapterInit.js:946:3)
    at _runTestsForDescribeBlock (/Users/rla/Projects/AUTOPM/node_modules/jest-circus/build/jestAdapterInit.js:839:13)
    at _runTestsForDescribeBlock (/Users/rla/Projects/AUTOPM/node_modules/jest-circus/build/jestAdapterInit.js:829:11)
    at _runTestsForDescribeBlock (/Users/rla/Projects/AUTOPM/node_modules/jest-circus/build/jestAdapterInit.js:829:11)
    at run (/Users/rla/Projects/AUTOPM/node_modules/jest-circus/build/jestAdapterInit.js:757:3)
    at runAndTransformResultsToJestFormat (/Users/rla/Projects/AUTOPM/node_modules/jest-circus/build/jestAdapterInit.js:1917:21)
    at jestAdapter (/Users/rla/Projects/AUTOPM/node_modules/jest-circus/build/runner.js:101:19)
    at runTestInternal (/Users/rla/Projects/AUTOPM/node_modules/jest-runner/build/testWorker.js:275:16)
    at runTest (/Users/rla/Projects/AUTOPM/node_modules/jest-runner/build/testWorker.js:343:7)
    at Object.worker (/Users/rla/Projects/AUTOPM/node_modules/jest-runner/build/testWorker.js:497:12)</failure>
    </testcase>
    <testcase classname="install-hooks migration tests behavioral tests should execute check_git_repo function correctly" name="install-hooks migration tests behavioral tests should execute check_git_repo function correctly" time="0.002">
      <failure>Error: ENOENT: no such file or directory, mkdtemp &apos;/Users/rla/Projects/AUTOPM/test/test/tmp-WIACjl&apos;</failure>
    </testcase>
    <testcase classname="install-hooks migration tests behavioral tests should execute ensure_hooks_dir function correctly" name="install-hooks migration tests behavioral tests should execute ensure_hooks_dir function correctly" time="0.002">
      <failure>Error: ENOENT: no such file or directory, mkdtemp &apos;/Users/rla/Projects/AUTOPM/test/test/tmp-98ug9h&apos;</failure>
    </testcase>
    <testcase classname="install-hooks migration tests behavioral tests should execute main function correctly" name="install-hooks migration tests behavioral tests should execute main function correctly" time="0.001">
      <failure>Error: ENOENT: no such file or directory, mkdtemp &apos;/Users/rla/Projects/AUTOPM/test/test/tmp-Sp7UxK&apos;</failure>
    </testcase>
    <testcase classname="install-hooks migration tests command tests should handle git commands" name="install-hooks migration tests command tests should handle git commands" time="0">
      <failure>Error: ENOENT: no such file or directory, mkdtemp &apos;/Users/rla/Projects/AUTOPM/test/test/tmp-GIfkvI&apos;</failure>
    </testcase>
    <testcase classname="install-hooks migration tests command tests should handle docker commands" name="install-hooks migration tests command tests should handle docker commands" time="0">
      <failure>Error: ENOENT: no such file or directory, mkdtemp &apos;/Users/rla/Projects/AUTOPM/test/test/tmp-PMxmWQ&apos;</failure>
    </testcase>
    <testcase classname="install-hooks migration tests command tests should handle echo commands" name="install-hooks migration tests command tests should handle echo commands" time="0.001">
      <failure>Error: ENOENT: no such file or directory, mkdtemp &apos;/Users/rla/Projects/AUTOPM/test/test/tmp-XKOUWx&apos;</failure>
    </testcase>
    <testcase classname="install-hooks migration tests parity tests should match bash output for standard input" name="install-hooks migration tests parity tests should match bash output for standard input" time="0.001">
      <failure>Error: ENOENT: no such file or directory, mkdtemp &apos;/Users/rla/Projects/AUTOPM/test/test/tmp-dY5qNb&apos;</failure>
    </testcase>
    <testcase classname="install-hooks migration tests error handling should handle missing arguments gracefully" name="install-hooks migration tests error handling should handle missing arguments gracefully" time="0.001">
      <failure>Error: ENOENT: no such file or directory, mkdtemp &apos;/Users/rla/Projects/AUTOPM/test/test/tmp-dsthhv&apos;</failure>
    </testcase>
    <testcase classname="install-hooks migration tests error handling should handle invalid input" name="install-hooks migration tests error handling should handle invalid input" time="0.003">
      <failure>Error: ENOENT: no such file or directory, mkdtemp &apos;/Users/rla/Projects/AUTOPM/test/test/tmp-5d2F80&apos;</failure>
    </testcase>
  </testsuite>
  <testsuite name="docker-toggle migration tests" errors="0" failures="13" skipped="0" timestamp="2025-09-26T22:12:34" time="0.254" tests="13">
    <testcase classname="docker-toggle migration tests behavioral tests should execute check_jq function correctly" name="docker-toggle migration tests behavioral tests should execute check_jq function correctly" time="0.005">
      <failure>TypeError: Cannot read properties of undefined (reading &apos;runBashVersion&apos;)
    at runBashVersion (/Users/rla/Projects/AUTOPM/test/migration/jest-migration-helper.js:186:25)
    at Object.runScript (/Users/rla/Projects/AUTOPM/test/migration/behavioral/docker-toggle.test.js:24:28)
    at Promise.finally.completed (/Users/rla/Projects/AUTOPM/node_modules/jest-circus/build/jestAdapterInit.js:1556:28)
    at new Promise (&lt;anonymous&gt;)
    at callAsyncCircusFn (/Users/rla/Projects/AUTOPM/node_modules/jest-circus/build/jestAdapterInit.js:1496:10)
    at _callCircusTest (/Users/rla/Projects/AUTOPM/node_modules/jest-circus/build/jestAdapterInit.js:1006:40)
    at _runTest (/Users/rla/Projects/AUTOPM/node_modules/jest-circus/build/jestAdapterInit.js:946:3)
    at _runTestsForDescribeBlock (/Users/rla/Projects/AUTOPM/node_modules/jest-circus/build/jestAdapterInit.js:839:13)
    at _runTestsForDescribeBlock (/Users/rla/Projects/AUTOPM/node_modules/jest-circus/build/jestAdapterInit.js:829:11)
    at _runTestsForDescribeBlock (/Users/rla/Projects/AUTOPM/node_modules/jest-circus/build/jestAdapterInit.js:829:11)
    at run (/Users/rla/Projects/AUTOPM/node_modules/jest-circus/build/jestAdapterInit.js:757:3)
    at runAndTransformResultsToJestFormat (/Users/rla/Projects/AUTOPM/node_modules/jest-circus/build/jestAdapterInit.js:1917:21)
    at jestAdapter (/Users/rla/Projects/AUTOPM/node_modules/jest-circus/build/runner.js:101:19)
    at runTestInternal (/Users/rla/Projects/AUTOPM/node_modules/jest-runner/build/testWorker.js:275:16)
    at runTest (/Users/rla/Projects/AUTOPM/node_modules/jest-runner/build/testWorker.js:343:7)
    at Object.worker (/Users/rla/Projects/AUTOPM/node_modules/jest-runner/build/testWorker.js:497:12)</failure>
    </testcase>
    <testcase classname="docker-toggle migration tests behavioral tests should execute create_config_if_missing function correctly" name="docker-toggle migration tests behavioral tests should execute create_config_if_missing function correctly" time="0.002">
      <failure>Error: ENOENT: no such file or directory, mkdtemp &apos;/Users/rla/Projects/AUTOPM/test/test/tmp-uPsGe0&apos;</failure>
    </testcase>
    <testcase classname="docker-toggle migration tests behavioral tests should execute show_status function correctly" name="docker-toggle migration tests behavioral tests should execute show_status function correctly" time="0.002">
      <failure>Error: ENOENT: no such file or directory, mkdtemp &apos;/Users/rla/Projects/AUTOPM/test/test/tmp-Yp2Wal&apos;</failure>
    </testcase>
    <testcase classname="docker-toggle migration tests behavioral tests should execute enable_docker_first function correctly" name="docker-toggle migration tests behavioral tests should execute enable_docker_first function correctly" time="0.001">
      <failure>Error: ENOENT: no such file or directory, mkdtemp &apos;/Users/rla/Projects/AUTOPM/test/test/tmp-f8V1u5&apos;</failure>
    </testcase>
    <testcase classname="docker-toggle migration tests behavioral tests should execute disable_docker_first function correctly" name="docker-toggle migration tests behavioral tests should execute disable_docker_first function correctly" time="0.001">
      <failure>Error: ENOENT: no such file or directory, mkdtemp &apos;/Users/rla/Projects/AUTOPM/test/test/tmp-n2XY18&apos;</failure>
    </testcase>
    <testcase classname="docker-toggle migration tests behavioral tests should execute show_help function correctly" name="docker-toggle migration tests behavioral tests should execute show_help function correctly" time="0.001">
      <failure>Error: ENOENT: no such file or directory, mkdtemp &apos;/Users/rla/Projects/AUTOPM/test/test/tmp-DWhI2Y&apos;</failure>
    </testcase>
    <testcase classname="docker-toggle migration tests behavioral tests should execute main function correctly" name="docker-toggle migration tests behavioral tests should execute main function correctly" time="0">
      <failure>Error: ENOENT: no such file or directory, mkdtemp &apos;/Users/rla/Projects/AUTOPM/test/test/tmp-AH00jP&apos;</failure>
    </testcase>
    <testcase classname="docker-toggle migration tests command tests should handle git commands" name="docker-toggle migration tests command tests should handle git commands" time="0">
      <failure>Error: ENOENT: no such file or directory, mkdtemp &apos;/Users/rla/Projects/AUTOPM/test/test/tmp-yrrNSb&apos;</failure>
    </testcase>
    <testcase classname="docker-toggle migration tests command tests should handle docker commands" name="docker-toggle migration tests command tests should handle docker commands" time="0.001">
      <failure>Error: ENOENT: no such file or directory, mkdtemp &apos;/Users/rla/Projects/AUTOPM/test/test/tmp-qy2exv&apos;</failure>
    </testcase>
    <testcase classname="docker-toggle migration tests command tests should handle echo commands" name="docker-toggle migration tests command tests should handle echo commands" time="0.002">
      <failure>Error: ENOENT: no such file or directory, mkdtemp &apos;/Users/rla/Projects/AUTOPM/test/test/tmp-5VXJDl&apos;</failure>
    </testcase>
    <testcase classname="docker-toggle migration tests parity tests should match bash output for standard input" name="docker-toggle migration tests parity tests should match bash output for standard input" time="0">
      <failure>Error: ENOENT: no such file or directory, mkdtemp &apos;/Users/rla/Projects/AUTOPM/test/test/tmp-ZxMOtr&apos;</failure>
    </testcase>
    <testcase classname="docker-toggle migration tests error handling should handle missing arguments gracefully" name="docker-toggle migration tests error handling should handle missing arguments gracefully" time="0">
      <failure>Error: ENOENT: no such file or directory, mkdtemp &apos;/Users/rla/Projects/AUTOPM/test/test/tmp-GRm2Ob&apos;</failure>
    </testcase>
    <testcase classname="docker-toggle migration tests error handling should handle invalid input" name="docker-toggle migration tests error handling should handle invalid input" time="0.001">
      <failure>Error: ENOENT: no such file or directory, mkdtemp &apos;/Users/rla/Projects/AUTOPM/test/test/tmp-WlN90z&apos;</failure>
    </testcase>
  </testsuite>
  <testsuite name="docker-dev-setup migration tests" errors="0" failures="13" skipped="0" timestamp="2025-09-26T22:12:34" time="0.26" tests="13">
    <testcase classname="docker-dev-setup migration tests behavioral tests should execute detect_project_type function correctly" name="docker-dev-setup migration tests behavioral tests should execute detect_project_type function correctly" time="0.007">
      <failure>TypeError: Cannot read properties of undefined (reading &apos;runBashVersion&apos;)
    at runBashVersion (/Users/rla/Projects/AUTOPM/test/migration/jest-migration-helper.js:186:25)
    at Object.runScript (/Users/rla/Projects/AUTOPM/test/migration/behavioral/docker-dev-setup.test.js:24:28)
    at Promise.finally.completed (/Users/rla/Projects/AUTOPM/node_modules/jest-circus/build/jestAdapterInit.js:1556:28)
    at new Promise (&lt;anonymous&gt;)
    at callAsyncCircusFn (/Users/rla/Projects/AUTOPM/node_modules/jest-circus/build/jestAdapterInit.js:1496:10)
    at _callCircusTest (/Users/rla/Projects/AUTOPM/node_modules/jest-circus/build/jestAdapterInit.js:1006:40)
    at _runTest (/Users/rla/Projects/AUTOPM/node_modules/jest-circus/build/jestAdapterInit.js:946:3)
    at _runTestsForDescribeBlock (/Users/rla/Projects/AUTOPM/node_modules/jest-circus/build/jestAdapterInit.js:839:13)
    at _runTestsForDescribeBlock (/Users/rla/Projects/AUTOPM/node_modules/jest-circus/build/jestAdapterInit.js:829:11)
    at _runTestsForDescribeBlock (/Users/rla/Projects/AUTOPM/node_modules/jest-circus/build/jestAdapterInit.js:829:11)
    at run (/Users/rla/Projects/AUTOPM/node_modules/jest-circus/build/jestAdapterInit.js:757:3)
    at runAndTransformResultsToJestFormat (/Users/rla/Projects/AUTOPM/node_modules/jest-circus/build/jestAdapterInit.js:1917:21)
    at jestAdapter (/Users/rla/Projects/AUTOPM/node_modules/jest-circus/build/runner.js:101:19)
    at runTestInternal (/Users/rla/Projects/AUTOPM/node_modules/jest-runner/build/testWorker.js:275:16)
    at runTest (/Users/rla/Projects/AUTOPM/node_modules/jest-runner/build/testWorker.js:343:7)
    at Object.worker (/Users/rla/Projects/AUTOPM/node_modules/jest-runner/build/testWorker.js:497:12)</failure>
    </testcase>
    <testcase classname="docker-dev-setup migration tests behavioral tests should execute create_nodejs_docker function correctly" name="docker-dev-setup migration tests behavioral tests should execute create_nodejs_docker function correctly" time="0">
      <failure>Error: ENOENT: no such file or directory, mkdtemp &apos;/Users/rla/Projects/AUTOPM/test/test/tmp-M4Q0FP&apos;</failure>
    </testcase>
    <testcase classname="docker-dev-setup migration tests behavioral tests should execute create_python_docker function correctly" name="docker-dev-setup migration tests behavioral tests should execute create_python_docker function correctly" time="0.001">
      <failure>Error: ENOENT: no such file or directory, mkdtemp &apos;/Users/rla/Projects/AUTOPM/test/test/tmp-K6O1Mq&apos;</failure>
    </testcase>
    <testcase classname="docker-dev-setup migration tests behavioral tests should execute create_golang_docker function correctly" name="docker-dev-setup migration tests behavioral tests should execute create_golang_docker function correctly" time="0.001">
      <failure>Error: ENOENT: no such file or directory, mkdtemp &apos;/Users/rla/Projects/AUTOPM/test/test/tmp-NSf2Vd&apos;</failure>
    </testcase>
    <testcase classname="docker-dev-setup migration tests behavioral tests should execute create_dockerignore function correctly" name="docker-dev-setup migration tests behavioral tests should execute create_dockerignore function correctly" time="0.001">
      <failure>Error: ENOENT: no such file or directory, mkdtemp &apos;/Users/rla/Projects/AUTOPM/test/test/tmp-I7IQcw&apos;</failure>
    </testcase>
    <testcase classname="docker-dev-setup migration tests behavioral tests should execute create_makefile function correctly" name="docker-dev-setup migration tests behavioral tests should execute create_makefile function correctly" time="0.002">
      <failure>Error: ENOENT: no such file or directory, mkdtemp &apos;/Users/rla/Projects/AUTOPM/test/test/tmp-VCu2EL&apos;</failure>
    </testcase>
    <testcase classname="docker-dev-setup migration tests behavioral tests should execute main function correctly" name="docker-dev-setup migration tests behavioral tests should execute main function correctly" time="0.001">
      <failure>Error: ENOENT: no such file or directory, mkdtemp &apos;/Users/rla/Projects/AUTOPM/test/test/tmp-N9gh8F&apos;</failure>
    </testcase>
    <testcase classname="docker-dev-setup migration tests command tests should handle git commands" name="docker-dev-setup migration tests command tests should handle git commands" time="0.001">
      <failure>Error: ENOENT: no such file or directory, mkdtemp &apos;/Users/rla/Projects/AUTOPM/test/test/tmp-QXMM5Q&apos;</failure>
    </testcase>
    <testcase classname="docker-dev-setup migration tests command tests should handle npm commands" name="docker-dev-setup migration tests command tests should handle npm commands" time="0.001">
      <failure>Error: ENOENT: no such file or directory, mkdtemp &apos;/Users/rla/Projects/AUTOPM/test/test/tmp-LBNwIm&apos;</failure>
    </testcase>
    <testcase classname="docker-dev-setup migration tests command tests should handle docker commands" name="docker-dev-setup migration tests command tests should handle docker commands" time="0.001">
      <failure>Error: ENOENT: no such file or directory, mkdtemp &apos;/Users/rla/Projects/AUTOPM/test/test/tmp-0md4Rs&apos;</failure>
    </testcase>
    <testcase classname="docker-dev-setup migration tests parity tests should match bash output for standard input" name="docker-dev-setup migration tests parity tests should match bash output for standard input" time="0.001">
      <failure>Error: ENOENT: no such file or directory, mkdtemp &apos;/Users/rla/Projects/AUTOPM/test/test/tmp-r09ma6&apos;</failure>
    </testcase>
    <testcase classname="docker-dev-setup migration tests error handling should handle missing arguments gracefully" name="docker-dev-setup migration tests error handling should handle missing arguments gracefully" time="0">
      <failure>Error: ENOENT: no such file or directory, mkdtemp &apos;/Users/rla/Projects/AUTOPM/test/test/tmp-gdlQkA&apos;</failure>
    </testcase>
    <testcase classname="docker-dev-setup migration tests error handling should handle invalid input" name="docker-dev-setup migration tests error handling should handle invalid input" time="0.001">
      <failure>Error: ENOENT: no such file or directory, mkdtemp &apos;/Users/rla/Projects/AUTOPM/test/test/tmp-YyEZ3n&apos;</failure>
    </testcase>
  </testsuite>
  <testsuite name="install-hooks migration tests" errors="0" failures="10" skipped="0" timestamp="2025-09-26T22:12:34" time="0.264" tests="10">
    <testcase classname="install-hooks migration tests behavioral tests should execute install_hook function correctly" name="install-hooks migration tests behavioral tests should execute install_hook function correctly" time="0.007">
      <failure>TypeError: Cannot read properties of undefined (reading &apos;runBashVersion&apos;)
    at runBashVersion (/Users/rla/Projects/AUTOPM/test/migration/jest-migration-helper.js:186:25)
    at Object.runScript (/Users/rla/Projects/AUTOPM/test/migration/behavioral/install-hooks.test.js:24:28)
    at Promise.finally.completed (/Users/rla/Projects/AUTOPM/node_modules/jest-circus/build/jestAdapterInit.js:1556:28)
    at new Promise (&lt;anonymous&gt;)
    at callAsyncCircusFn (/Users/rla/Projects/AUTOPM/node_modules/jest-circus/build/jestAdapterInit.js:1496:10)
    at _callCircusTest (/Users/rla/Projects/AUTOPM/node_modules/jest-circus/build/jestAdapterInit.js:1006:40)
    at _runTest (/Users/rla/Projects/AUTOPM/node_modules/jest-circus/build/jestAdapterInit.js:946:3)
    at _runTestsForDescribeBlock (/Users/rla/Projects/AUTOPM/node_modules/jest-circus/build/jestAdapterInit.js:839:13)
    at _runTestsForDescribeBlock (/Users/rla/Projects/AUTOPM/node_modules/jest-circus/build/jestAdapterInit.js:829:11)
    at _runTestsForDescribeBlock (/Users/rla/Projects/AUTOPM/node_modules/jest-circus/build/jestAdapterInit.js:829:11)
    at run (/Users/rla/Projects/AUTOPM/node_modules/jest-circus/build/jestAdapterInit.js:757:3)
    at runAndTransformResultsToJestFormat (/Users/rla/Projects/AUTOPM/node_modules/jest-circus/build/jestAdapterInit.js:1917:21)
    at jestAdapter (/Users/rla/Projects/AUTOPM/node_modules/jest-circus/build/runner.js:101:19)
    at runTestInternal (/Users/rla/Projects/AUTOPM/node_modules/jest-runner/build/testWorker.js:275:16)
    at runTest (/Users/rla/Projects/AUTOPM/node_modules/jest-runner/build/testWorker.js:343:7)
    at Object.worker (/Users/rla/Projects/AUTOPM/node_modules/jest-runner/build/testWorker.js:497:12)</failure>
    </testcase>
    <testcase classname="install-hooks migration tests behavioral tests should execute check_git_repo function correctly" name="install-hooks migration tests behavioral tests should execute check_git_repo function correctly" time="0.001">
      <failure>Error: ENOENT: no such file or directory, mkdtemp &apos;/Users/rla/Projects/AUTOPM/test/test/tmp-itL1hV&apos;</failure>
    </testcase>
    <testcase classname="install-hooks migration tests behavioral tests should execute ensure_hooks_dir function correctly" name="install-hooks migration tests behavioral tests should execute ensure_hooks_dir function correctly" time="0.001">
      <failure>Error: ENOENT: no such file or directory, mkdtemp &apos;/Users/rla/Projects/AUTOPM/test/test/tmp-6mA41V&apos;</failure>
    </testcase>
    <testcase classname="install-hooks migration tests behavioral tests should execute main function correctly" name="install-hooks migration tests behavioral tests should execute main function correctly" time="0.001">
      <failure>Error: ENOENT: no such file or directory, mkdtemp &apos;/Users/rla/Projects/AUTOPM/test/test/tmp-UxKbQ8&apos;</failure>
    </testcase>
    <testcase classname="install-hooks migration tests command tests should handle git commands" name="install-hooks migration tests command tests should handle git commands" time="0.001">
      <failure>Error: ENOENT: no such file or directory, mkdtemp &apos;/Users/rla/Projects/AUTOPM/test/test/tmp-bAmH3y&apos;</failure>
    </testcase>
    <testcase classname="install-hooks migration tests command tests should handle docker commands" name="install-hooks migration tests command tests should handle docker commands" time="0.001">
      <failure>Error: ENOENT: no such file or directory, mkdtemp &apos;/Users/rla/Projects/AUTOPM/test/test/tmp-ekFkzU&apos;</failure>
    </testcase>
    <testcase classname="install-hooks migration tests command tests should handle echo commands" name="install-hooks migration tests command tests should handle echo commands" time="0">
      <failure>Error: ENOENT: no such file or directory, mkdtemp &apos;/Users/rla/Projects/AUTOPM/test/test/tmp-dyqG72&apos;</failure>
    </testcase>
    <testcase classname="install-hooks migration tests parity tests should match bash output for standard input" name="install-hooks migration tests parity tests should match bash output for standard input" time="0.001">
      <failure>Error: ENOENT: no such file or directory, mkdtemp &apos;/Users/rla/Projects/AUTOPM/test/test/tmp-FjdEi1&apos;</failure>
    </testcase>
    <testcase classname="install-hooks migration tests error handling should handle missing arguments gracefully" name="install-hooks migration tests error handling should handle missing arguments gracefully" time="0.001">
      <failure>Error: ENOENT: no such file or directory, mkdtemp &apos;/Users/rla/Projects/AUTOPM/test/test/tmp-FArGg8&apos;</failure>
    </testcase>
    <testcase classname="install-hooks migration tests error handling should handle invalid input" name="install-hooks migration tests error handling should handle invalid input" time="0">
      <failure>Error: ENOENT: no such file or directory, mkdtemp &apos;/Users/rla/Projects/AUTOPM/test/test/tmp-dVJwj1&apos;</failure>
    </testcase>
  </testsuite>
  <testsuite name="pr-validation migration tests" errors="0" failures="14" skipped="0" timestamp="2025-09-26T22:12:34" time="0.261" tests="14">
    <testcase classname="pr-validation migration tests behavioral tests should execute is_docker_first_enabled function correctly" name="pr-validation migration tests behavioral tests should execute is_docker_first_enabled function correctly" time="0.008">
      <failure>TypeError: Cannot read properties of undefined (reading &apos;runBashVersion&apos;)
    at runBashVersion (/Users/rla/Projects/AUTOPM/test/migration/jest-migration-helper.js:186:25)
    at Object.runScript (/Users/rla/Projects/AUTOPM/test/migration/behavioral/pr-validation.test.js:24:28)
    at Promise.finally.completed (/Users/rla/Projects/AUTOPM/node_modules/jest-circus/build/jestAdapterInit.js:1556:28)
    at new Promise (&lt;anonymous&gt;)
    at callAsyncCircusFn (/Users/rla/Projects/AUTOPM/node_modules/jest-circus/build/jestAdapterInit.js:1496:10)
    at _callCircusTest (/Users/rla/Projects/AUTOPM/node_modules/jest-circus/build/jestAdapterInit.js:1006:40)
    at _runTest (/Users/rla/Projects/AUTOPM/node_modules/jest-circus/build/jestAdapterInit.js:946:3)
    at _runTestsForDescribeBlock (/Users/rla/Projects/AUTOPM/node_modules/jest-circus/build/jestAdapterInit.js:839:13)
    at _runTestsForDescribeBlock (/Users/rla/Projects/AUTOPM/node_modules/jest-circus/build/jestAdapterInit.js:829:11)
    at _runTestsForDescribeBlock (/Users/rla/Projects/AUTOPM/node_modules/jest-circus/build/jestAdapterInit.js:829:11)
    at run (/Users/rla/Projects/AUTOPM/node_modules/jest-circus/build/jestAdapterInit.js:757:3)
    at runAndTransformResultsToJestFormat (/Users/rla/Projects/AUTOPM/node_modules/jest-circus/build/jestAdapterInit.js:1917:21)
    at jestAdapter (/Users/rla/Projects/AUTOPM/node_modules/jest-circus/build/runner.js:101:19)
    at runTestInternal (/Users/rla/Projects/AUTOPM/node_modules/jest-runner/build/testWorker.js:275:16)
    at runTest (/Users/rla/Projects/AUTOPM/node_modules/jest-runner/build/testWorker.js:343:7)
    at Object.worker (/Users/rla/Projects/AUTOPM/node_modules/jest-runner/build/testWorker.js:497:12)</failure>
    </testcase>
    <testcase classname="pr-validation migration tests behavioral tests should execute check_git_status function correctly" name="pr-validation migration tests behavioral tests should execute check_git_status function correctly" time="0.002">
      <failure>Error: ENOENT: no such file or directory, mkdtemp &apos;/Users/rla/Projects/AUTOPM/test/test/tmp-yWG4Zd&apos;</failure>
    </testcase>
    <testcase classname="pr-validation migration tests behavioral tests should execute check_docker_prerequisites function correctly" name="pr-validation migration tests behavioral tests should execute check_docker_prerequisites function correctly" time="0.001">
      <failure>Error: ENOENT: no such file or directory, mkdtemp &apos;/Users/rla/Projects/AUTOPM/test/test/tmp-KSiT5d&apos;</failure>
    </testcase>
    <testcase classname="pr-validation migration tests behavioral tests should execute run_comprehensive_tests function correctly" name="pr-validation migration tests behavioral tests should execute run_comprehensive_tests function correctly" time="0.001">
      <failure>Error: ENOENT: no such file or directory, mkdtemp &apos;/Users/rla/Projects/AUTOPM/test/test/tmp-VFqfxD&apos;</failure>
    </testcase>
    <testcase classname="pr-validation migration tests behavioral tests should execute run_security_scan function correctly" name="pr-validation migration tests behavioral tests should execute run_security_scan function correctly" time="0.001">
      <failure>Error: ENOENT: no such file or directory, mkdtemp &apos;/Users/rla/Projects/AUTOPM/test/test/tmp-lJd2Z1&apos;</failure>
    </testcase>
    <testcase classname="pr-validation migration tests behavioral tests should execute validate_cicd_config function correctly" name="pr-validation migration tests behavioral tests should execute validate_cicd_config function correctly" time="0.001">
      <failure>Error: ENOENT: no such file or directory, mkdtemp &apos;/Users/rla/Projects/AUTOPM/test/test/tmp-h67XEq&apos;</failure>
    </testcase>
    <testcase classname="pr-validation migration tests behavioral tests should execute generate_pr_summary function correctly" name="pr-validation migration tests behavioral tests should execute generate_pr_summary function correctly" time="0.001">
      <failure>Error: ENOENT: no such file or directory, mkdtemp &apos;/Users/rla/Projects/AUTOPM/test/test/tmp-xh1FHT&apos;</failure>
    </testcase>
    <testcase classname="pr-validation migration tests behavioral tests should execute main function correctly" name="pr-validation migration tests behavioral tests should execute main function correctly" time="0">
      <failure>Error: ENOENT: no such file or directory, mkdtemp &apos;/Users/rla/Projects/AUTOPM/test/test/tmp-MqGlpC&apos;</failure>
    </testcase>
    <testcase classname="pr-validation migration tests command tests should handle git commands" name="pr-validation migration tests command tests should handle git commands" time="0.001">
      <failure>Error: ENOENT: no such file or directory, mkdtemp &apos;/Users/rla/Projects/AUTOPM/test/test/tmp-vCtOuU&apos;</failure>
    </testcase>
    <testcase classname="pr-validation migration tests command tests should handle npm commands" name="pr-validation migration tests command tests should handle npm commands" time="0.001">
      <failure>Error: ENOENT: no such file or directory, mkdtemp &apos;/Users/rla/Projects/AUTOPM/test/test/tmp-0V1WMc&apos;</failure>
    </testcase>
    <testcase classname="pr-validation migration tests command tests should handle docker commands" name="pr-validation migration tests command tests should handle docker commands" time="0">
      <failure>Error: ENOENT: no such file or directory, mkdtemp &apos;/Users/rla/Projects/AUTOPM/test/test/tmp-nVoNqc&apos;</failure>
    </testcase>
    <testcase classname="pr-validation migration tests parity tests should match bash output for standard input" name="pr-validation migration tests parity tests should match bash output for standard input" time="0.001">
      <failure>Error: ENOENT: no such file or directory, mkdtemp &apos;/Users/rla/Projects/AUTOPM/test/test/tmp-epvuzj&apos;</failure>
    </testcase>
    <testcase classname="pr-validation migration tests error handling should handle missing arguments gracefully" name="pr-validation migration tests error handling should handle missing arguments gracefully" time="0">
      <failure>Error: ENOENT: no such file or directory, mkdtemp &apos;/Users/rla/Projects/AUTOPM/test/test/tmp-9SQQSn&apos;</failure>
    </testcase>
    <testcase classname="pr-validation migration tests error handling should handle invalid input" name="pr-validation migration tests error handling should handle invalid input" time="0.001">
      <failure>Error: ENOENT: no such file or directory, mkdtemp &apos;/Users/rla/Projects/AUTOPM/test/test/tmp-NKZ0fS&apos;</failure>
    </testcase>
  </testsuite>
  <testsuite name="epic-list parity tests" errors="0" failures="2" skipped="0" timestamp="2025-09-26T22:12:34" time="1.039" tests="8">
    <testcase classname="epic-list parity tests output comparison should produce identical output for listing epics" name="epic-list parity tests output comparison should produce identical output for listing epics" time="0.205">
      <failure>TypeError: expect(...).toMatchBashOutput is not a function
    at Object.toMatchBashOutput (/Users/rla/Projects/AUTOPM/test/migration/parity/epic-list.test.js:61:38)</failure>
    </testcase>
    <testcase classname="epic-list parity tests output comparison should handle empty epics directory" name="epic-list parity tests output comparison should handle empty epics directory" time="0.166">
    </testcase>
    <testcase classname="epic-list parity tests output comparison should handle missing .claude directory" name="epic-list parity tests output comparison should handle missing .claude directory" time="0.146">
    </testcase>
    <testcase classname="epic-list parity tests performance Node version should not be significantly slower" name="epic-list parity tests performance Node version should not be significantly slower" time="0.133">
    </testcase>
    <testcase classname="epic-list parity tests error handling should handle invalid arguments consistently" name="epic-list parity tests error handling should handle invalid arguments consistently" time="0.128">
    </testcase>
    <testcase classname="Jest setup verification should run tests successfully" name="Jest setup verification should run tests successfully" time="0">
    </testcase>
    <testcase classname="Jest setup verification should load custom matchers" name="Jest setup verification should load custom matchers" time="0.001">
      <failure>Error: expect(received).toBeDefined()

Received: undefined
    at Object.toBeDefined (/Users/rla/Projects/AUTOPM/test/migration/parity/epic-list.test.js:132:38)
    at Promise.finally.completed (/Users/rla/Projects/AUTOPM/node_modules/jest-circus/build/jestAdapterInit.js:1556:28)
    at new Promise (&lt;anonymous&gt;)
    at callAsyncCircusFn (/Users/rla/Projects/AUTOPM/node_modules/jest-circus/build/jestAdapterInit.js:1496:10)
    at _callCircusTest (/Users/rla/Projects/AUTOPM/node_modules/jest-circus/build/jestAdapterInit.js:1006:40)
    at _runTest (/Users/rla/Projects/AUTOPM/node_modules/jest-circus/build/jestAdapterInit.js:946:3)
    at _runTestsForDescribeBlock (/Users/rla/Projects/AUTOPM/node_modules/jest-circus/build/jestAdapterInit.js:839:13)
    at _runTestsForDescribeBlock (/Users/rla/Projects/AUTOPM/node_modules/jest-circus/build/jestAdapterInit.js:829:11)
    at run (/Users/rla/Projects/AUTOPM/node_modules/jest-circus/build/jestAdapterInit.js:757:3)
    at runAndTransformResultsToJestFormat (/Users/rla/Projects/AUTOPM/node_modules/jest-circus/build/jestAdapterInit.js:1917:21)
    at jestAdapter (/Users/rla/Projects/AUTOPM/node_modules/jest-circus/build/runner.js:101:19)
    at runTestInternal (/Users/rla/Projects/AUTOPM/node_modules/jest-runner/build/testWorker.js:275:16)
    at runTest (/Users/rla/Projects/AUTOPM/node_modules/jest-runner/build/testWorker.js:343:7)
    at Object.worker (/Users/rla/Projects/AUTOPM/node_modules/jest-runner/build/testWorker.js:497:12)</failure>
    </testcase>
    <testcase classname="Jest setup verification should access helper functions" name="Jest setup verification should access helper functions" time="0">
    </testcase>
  </testsuite>
  <testsuite name="pr-validation migration tests" errors="0" failures="14" skipped="0" timestamp="2025-09-26T22:12:35" time="0.081" tests="14">
    <testcase classname="pr-validation migration tests behavioral tests should execute is_docker_first_enabled function correctly" name="pr-validation migration tests behavioral tests should execute is_docker_first_enabled function correctly" time="0.007">
      <failure>Error: ENOENT: no such file or directory, mkdtemp &apos;/Users/rla/Projects/AUTOPM/test/test/tmp-9rrcKu&apos;</failure>
      <failure>TypeError: The &quot;path&quot; argument must be of type string. Received undefined
    at Object.dirname (node:path:1409:5)
    at Object.dirname (/Users/rla/Projects/AUTOPM/test/migration/behavioral/pr-validation.test.js:16:24)
    at Promise.finally.completed (/Users/rla/Projects/AUTOPM/node_modules/jest-circus/build/jestAdapterInit.js:1556:28)
    at new Promise (&lt;anonymous&gt;)
    at callAsyncCircusFn (/Users/rla/Projects/AUTOPM/node_modules/jest-circus/build/jestAdapterInit.js:1496:10)
    at _callCircusHook (/Users/rla/Projects/AUTOPM/node_modules/jest-circus/build/jestAdapterInit.js:975:40)
    at _runTest (/Users/rla/Projects/AUTOPM/node_modules/jest-circus/build/jestAdapterInit.js:948:5)
    at _runTestsForDescribeBlock (/Users/rla/Projects/AUTOPM/node_modules/jest-circus/build/jestAdapterInit.js:839:13)
    at _runTestsForDescribeBlock (/Users/rla/Projects/AUTOPM/node_modules/jest-circus/build/jestAdapterInit.js:829:11)
    at _runTestsForDescribeBlock (/Users/rla/Projects/AUTOPM/node_modules/jest-circus/build/jestAdapterInit.js:829:11)
    at run (/Users/rla/Projects/AUTOPM/node_modules/jest-circus/build/jestAdapterInit.js:757:3)
    at runAndTransformResultsToJestFormat (/Users/rla/Projects/AUTOPM/node_modules/jest-circus/build/jestAdapterInit.js:1917:21)
    at jestAdapter (/Users/rla/Projects/AUTOPM/node_modules/jest-circus/build/runner.js:101:19)
    at runTestInternal (/Users/rla/Projects/AUTOPM/node_modules/jest-runner/build/testWorker.js:275:16)
    at runTest (/Users/rla/Projects/AUTOPM/node_modules/jest-runner/build/testWorker.js:343:7)
    at Object.worker (/Users/rla/Projects/AUTOPM/node_modules/jest-runner/build/testWorker.js:497:12)</failure>
    </testcase>
    <testcase classname="pr-validation migration tests behavioral tests should execute check_git_status function correctly" name="pr-validation migration tests behavioral tests should execute check_git_status function correctly" time="0.001">
      <failure>Error: ENOENT: no such file or directory, mkdtemp &apos;/Users/rla/Projects/AUTOPM/test/test/tmp-2dFVM8&apos;</failure>
      <failure>TypeError: The &quot;path&quot; argument must be of type string. Received undefined
    at Object.dirname (node:path:1409:5)
    at Object.dirname (/Users/rla/Projects/AUTOPM/test/migration/behavioral/pr-validation.test.js:16:24)
    at Promise.finally.completed (/Users/rla/Projects/AUTOPM/node_modules/jest-circus/build/jestAdapterInit.js:1556:28)
    at new Promise (&lt;anonymous&gt;)
    at callAsyncCircusFn (/Users/rla/Projects/AUTOPM/node_modules/jest-circus/build/jestAdapterInit.js:1496:10)
    at _callCircusHook (/Users/rla/Projects/AUTOPM/node_modules/jest-circus/build/jestAdapterInit.js:975:40)
    at _runTest (/Users/rla/Projects/AUTOPM/node_modules/jest-circus/build/jestAdapterInit.js:948:5)
    at _runTestsForDescribeBlock (/Users/rla/Projects/AUTOPM/node_modules/jest-circus/build/jestAdapterInit.js:839:13)
    at _runTestsForDescribeBlock (/Users/rla/Projects/AUTOPM/node_modules/jest-circus/build/jestAdapterInit.js:829:11)
    at _runTestsForDescribeBlock (/Users/rla/Projects/AUTOPM/node_modules/jest-circus/build/jestAdapterInit.js:829:11)
    at run (/Users/rla/Projects/AUTOPM/node_modules/jest-circus/build/jestAdapterInit.js:757:3)
    at runAndTransformResultsToJestFormat (/Users/rla/Projects/AUTOPM/node_modules/jest-circus/build/jestAdapterInit.js:1917:21)
    at jestAdapter (/Users/rla/Projects/AUTOPM/node_modules/jest-circus/build/runner.js:101:19)
    at runTestInternal (/Users/rla/Projects/AUTOPM/node_modules/jest-runner/build/testWorker.js:275:16)
    at runTest (/Users/rla/Projects/AUTOPM/node_modules/jest-runner/build/testWorker.js:343:7)
    at Object.worker (/Users/rla/Projects/AUTOPM/node_modules/jest-runner/build/testWorker.js:497:12)</failure>
    </testcase>
    <testcase classname="pr-validation migration tests behavioral tests should execute check_docker_prerequisites function correctly" name="pr-validation migration tests behavioral tests should execute check_docker_prerequisites function correctly" time="0.003">
      <failure>Error: ENOENT: no such file or directory, mkdtemp &apos;/Users/rla/Projects/AUTOPM/test/test/tmp-8mHoG7&apos;</failure>
      <failure>TypeError: The &quot;path&quot; argument must be of type string. Received undefined
    at Object.dirname (node:path:1409:5)
    at Object.dirname (/Users/rla/Projects/AUTOPM/test/migration/behavioral/pr-validation.test.js:16:24)
    at Promise.finally.completed (/Users/rla/Projects/AUTOPM/node_modules/jest-circus/build/jestAdapterInit.js:1556:28)
    at new Promise (&lt;anonymous&gt;)
    at callAsyncCircusFn (/Users/rla/Projects/AUTOPM/node_modules/jest-circus/build/jestAdapterInit.js:1496:10)
    at _callCircusHook (/Users/rla/Projects/AUTOPM/node_modules/jest-circus/build/jestAdapterInit.js:975:40)
    at _runTest (/Users/rla/Projects/AUTOPM/node_modules/jest-circus/build/jestAdapterInit.js:948:5)
    at _runTestsForDescribeBlock (/Users/rla/Projects/AUTOPM/node_modules/jest-circus/build/jestAdapterInit.js:839:13)
    at _runTestsForDescribeBlock (/Users/rla/Projects/AUTOPM/node_modules/jest-circus/build/jestAdapterInit.js:829:11)
    at _runTestsForDescribeBlock (/Users/rla/Projects/AUTOPM/node_modules/jest-circus/build/jestAdapterInit.js:829:11)
    at run (/Users/rla/Projects/AUTOPM/node_modules/jest-circus/build/jestAdapterInit.js:757:3)
    at runAndTransformResultsToJestFormat (/Users/rla/Projects/AUTOPM/node_modules/jest-circus/build/jestAdapterInit.js:1917:21)
    at jestAdapter (/Users/rla/Projects/AUTOPM/node_modules/jest-circus/build/runner.js:101:19)
    at runTestInternal (/Users/rla/Projects/AUTOPM/node_modules/jest-runner/build/testWorker.js:275:16)
    at runTest (/Users/rla/Projects/AUTOPM/node_modules/jest-runner/build/testWorker.js:343:7)
    at Object.worker (/Users/rla/Projects/AUTOPM/node_modules/jest-runner/build/testWorker.js:497:12)</failure>
    </testcase>
    <testcase classname="pr-validation migration tests behavioral tests should execute run_comprehensive_tests function correctly" name="pr-validation migration tests behavioral tests should execute run_comprehensive_tests function correctly" time="0.002">
      <failure>Error: ENOENT: no such file or directory, mkdtemp &apos;/Users/rla/Projects/AUTOPM/test/test/tmp-Ry10a9&apos;</failure>
      <failure>TypeError: The &quot;path&quot; argument must be of type string. Received undefined
    at Object.dirname (node:path:1409:5)
    at Object.dirname (/Users/rla/Projects/AUTOPM/test/migration/behavioral/pr-validation.test.js:16:24)
    at Promise.finally.completed (/Users/rla/Projects/AUTOPM/node_modules/jest-circus/build/jestAdapterInit.js:1556:28)
    at new Promise (&lt;anonymous&gt;)
    at callAsyncCircusFn (/Users/rla/Projects/AUTOPM/node_modules/jest-circus/build/jestAdapterInit.js:1496:10)
    at _callCircusHook (/Users/rla/Projects/AUTOPM/node_modules/jest-circus/build/jestAdapterInit.js:975:40)
    at _runTest (/Users/rla/Projects/AUTOPM/node_modules/jest-circus/build/jestAdapterInit.js:948:5)
    at _runTestsForDescribeBlock (/Users/rla/Projects/AUTOPM/node_modules/jest-circus/build/jestAdapterInit.js:839:13)
    at _runTestsForDescribeBlock (/Users/rla/Projects/AUTOPM/node_modules/jest-circus/build/jestAdapterInit.js:829:11)
    at _runTestsForDescribeBlock (/Users/rla/Projects/AUTOPM/node_modules/jest-circus/build/jestAdapterInit.js:829:11)
    at run (/Users/rla/Projects/AUTOPM/node_modules/jest-circus/build/jestAdapterInit.js:757:3)
    at runAndTransformResultsToJestFormat (/Users/rla/Projects/AUTOPM/node_modules/jest-circus/build/jestAdapterInit.js:1917:21)
    at jestAdapter (/Users/rla/Projects/AUTOPM/node_modules/jest-circus/build/runner.js:101:19)
    at runTestInternal (/Users/rla/Projects/AUTOPM/node_modules/jest-runner/build/testWorker.js:275:16)
    at runTest (/Users/rla/Projects/AUTOPM/node_modules/jest-runner/build/testWorker.js:343:7)
    at Object.worker (/Users/rla/Projects/AUTOPM/node_modules/jest-runner/build/testWorker.js:497:12)</failure>
    </testcase>
    <testcase classname="pr-validation migration tests behavioral tests should execute run_security_scan function correctly" name="pr-validation migration tests behavioral tests should execute run_security_scan function correctly" time="0">
      <failure>Error: ENOENT: no such file or directory, mkdtemp &apos;/Users/rla/Projects/AUTOPM/test/test/tmp-vqBEZ2&apos;</failure>
      <failure>TypeError: The &quot;path&quot; argument must be of type string. Received undefined
    at Object.dirname (node:path:1409:5)
    at Object.dirname (/Users/rla/Projects/AUTOPM/test/migration/behavioral/pr-validation.test.js:16:24)
    at Promise.finally.completed (/Users/rla/Projects/AUTOPM/node_modules/jest-circus/build/jestAdapterInit.js:1556:28)
    at new Promise (&lt;anonymous&gt;)
    at callAsyncCircusFn (/Users/rla/Projects/AUTOPM/node_modules/jest-circus/build/jestAdapterInit.js:1496:10)
    at _callCircusHook (/Users/rla/Projects/AUTOPM/node_modules/jest-circus/build/jestAdapterInit.js:975:40)
    at _runTest (/Users/rla/Projects/AUTOPM/node_modules/jest-circus/build/jestAdapterInit.js:948:5)
    at _runTestsForDescribeBlock (/Users/rla/Projects/AUTOPM/node_modules/jest-circus/build/jestAdapterInit.js:839:13)
    at _runTestsForDescribeBlock (/Users/rla/Projects/AUTOPM/node_modules/jest-circus/build/jestAdapterInit.js:829:11)
    at _runTestsForDescribeBlock (/Users/rla/Projects/AUTOPM/node_modules/jest-circus/build/jestAdapterInit.js:829:11)
    at run (/Users/rla/Projects/AUTOPM/node_modules/jest-circus/build/jestAdapterInit.js:757:3)
    at runAndTransformResultsToJestFormat (/Users/rla/Projects/AUTOPM/node_modules/jest-circus/build/jestAdapterInit.js:1917:21)
    at jestAdapter (/Users/rla/Projects/AUTOPM/node_modules/jest-circus/build/runner.js:101:19)
    at runTestInternal (/Users/rla/Projects/AUTOPM/node_modules/jest-runner/build/testWorker.js:275:16)
    at runTest (/Users/rla/Projects/AUTOPM/node_modules/jest-runner/build/testWorker.js:343:7)
    at Object.worker (/Users/rla/Projects/AUTOPM/node_modules/jest-runner/build/testWorker.js:497:12)</failure>
    </testcase>
    <testcase classname="pr-validation migration tests behavioral tests should execute validate_cicd_config function correctly" name="pr-validation migration tests behavioral tests should execute validate_cicd_config function correctly" time="0.003">
      <failure>Error: ENOENT: no such file or directory, mkdtemp &apos;/Users/rla/Projects/AUTOPM/test/test/tmp-ZcRNcH&apos;</failure>
      <failure>TypeError: The &quot;path&quot; argument must be of type string. Received undefined
    at Object.dirname (node:path:1409:5)
    at Object.dirname (/Users/rla/Projects/AUTOPM/test/migration/behavioral/pr-validation.test.js:16:24)
    at Promise.finally.completed (/Users/rla/Projects/AUTOPM/node_modules/jest-circus/build/jestAdapterInit.js:1556:28)
    at new Promise (&lt;anonymous&gt;)
    at callAsyncCircusFn (/Users/rla/Projects/AUTOPM/node_modules/jest-circus/build/jestAdapterInit.js:1496:10)
    at _callCircusHook (/Users/rla/Projects/AUTOPM/node_modules/jest-circus/build/jestAdapterInit.js:975:40)
    at _runTest (/Users/rla/Projects/AUTOPM/node_modules/jest-circus/build/jestAdapterInit.js:948:5)
    at _runTestsForDescribeBlock (/Users/rla/Projects/AUTOPM/node_modules/jest-circus/build/jestAdapterInit.js:839:13)
    at _runTestsForDescribeBlock (/Users/rla/Projects/AUTOPM/node_modules/jest-circus/build/jestAdapterInit.js:829:11)
    at _runTestsForDescribeBlock (/Users/rla/Projects/AUTOPM/node_modules/jest-circus/build/jestAdapterInit.js:829:11)
    at run (/Users/rla/Projects/AUTOPM/node_modules/jest-circus/build/jestAdapterInit.js:757:3)
    at runAndTransformResultsToJestFormat (/Users/rla/Projects/AUTOPM/node_modules/jest-circus/build/jestAdapterInit.js:1917:21)
    at jestAdapter (/Users/rla/Projects/AUTOPM/node_modules/jest-circus/build/runner.js:101:19)
    at runTestInternal (/Users/rla/Projects/AUTOPM/node_modules/jest-runner/build/testWorker.js:275:16)
    at runTest (/Users/rla/Projects/AUTOPM/node_modules/jest-runner/build/testWorker.js:343:7)
    at Object.worker (/Users/rla/Projects/AUTOPM/node_modules/jest-runner/build/testWorker.js:497:12)</failure>
    </testcase>
    <testcase classname="pr-validation migration tests behavioral tests should execute generate_pr_summary function correctly" name="pr-validation migration tests behavioral tests should execute generate_pr_summary function correctly" time="0.001">
      <failure>Error: ENOENT: no such file or directory, mkdtemp &apos;/Users/rla/Projects/AUTOPM/test/test/tmp-KFFpjx&apos;</failure>
      <failure>TypeError: The &quot;path&quot; argument must be of type string. Received undefined
    at Object.dirname (node:path:1409:5)
    at Object.dirname (/Users/rla/Projects/AUTOPM/test/migration/behavioral/pr-validation.test.js:16:24)
    at Promise.finally.completed (/Users/rla/Projects/AUTOPM/node_modules/jest-circus/build/jestAdapterInit.js:1556:28)
    at new Promise (&lt;anonymous&gt;)
    at callAsyncCircusFn (/Users/rla/Projects/AUTOPM/node_modules/jest-circus/build/jestAdapterInit.js:1496:10)
    at _callCircusHook (/Users/rla/Projects/AUTOPM/node_modules/jest-circus/build/jestAdapterInit.js:975:40)
    at _runTest (/Users/rla/Projects/AUTOPM/node_modules/jest-circus/build/jestAdapterInit.js:948:5)
    at _runTestsForDescribeBlock (/Users/rla/Projects/AUTOPM/node_modules/jest-circus/build/jestAdapterInit.js:839:13)
    at _runTestsForDescribeBlock (/Users/rla/Projects/AUTOPM/node_modules/jest-circus/build/jestAdapterInit.js:829:11)
    at _runTestsForDescribeBlock (/Users/rla/Projects/AUTOPM/node_modules/jest-circus/build/jestAdapterInit.js:829:11)
    at run (/Users/rla/Projects/AUTOPM/node_modules/jest-circus/build/jestAdapterInit.js:757:3)
    at runAndTransformResultsToJestFormat (/Users/rla/Projects/AUTOPM/node_modules/jest-circus/build/jestAdapterInit.js:1917:21)
    at jestAdapter (/Users/rla/Projects/AUTOPM/node_modules/jest-circus/build/runner.js:101:19)
    at runTestInternal (/Users/rla/Projects/AUTOPM/node_modules/jest-runner/build/testWorker.js:275:16)
    at runTest (/Users/rla/Projects/AUTOPM/node_modules/jest-runner/build/testWorker.js:343:7)
    at Object.worker (/Users/rla/Projects/AUTOPM/node_modules/jest-runner/build/testWorker.js:497:12)</failure>
    </testcase>
    <testcase classname="pr-validation migration tests behavioral tests should execute main function correctly" name="pr-validation migration tests behavioral tests should execute main function correctly" time="0">
      <failure>Error: ENOENT: no such file or directory, mkdtemp &apos;/Users/rla/Projects/AUTOPM/test/test/tmp-phymug&apos;</failure>
      <failure>TypeError: The &quot;path&quot; argument must be of type string. Received undefined
    at Object.dirname (node:path:1409:5)
    at Object.dirname (/Users/rla/Projects/AUTOPM/test/migration/behavioral/pr-validation.test.js:16:24)
    at Promise.finally.completed (/Users/rla/Projects/AUTOPM/node_modules/jest-circus/build/jestAdapterInit.js:1556:28)
    at new Promise (&lt;anonymous&gt;)
    at callAsyncCircusFn (/Users/rla/Projects/AUTOPM/node_modules/jest-circus/build/jestAdapterInit.js:1496:10)
    at _callCircusHook (/Users/rla/Projects/AUTOPM/node_modules/jest-circus/build/jestAdapterInit.js:975:40)
    at _runTest (/Users/rla/Projects/AUTOPM/node_modules/jest-circus/build/jestAdapterInit.js:948:5)
    at _runTestsForDescribeBlock (/Users/rla/Projects/AUTOPM/node_modules/jest-circus/build/jestAdapterInit.js:839:13)
    at _runTestsForDescribeBlock (/Users/rla/Projects/AUTOPM/node_modules/jest-circus/build/jestAdapterInit.js:829:11)
    at _runTestsForDescribeBlock (/Users/rla/Projects/AUTOPM/node_modules/jest-circus/build/jestAdapterInit.js:829:11)
    at run (/Users/rla/Projects/AUTOPM/node_modules/jest-circus/build/jestAdapterInit.js:757:3)
    at runAndTransformResultsToJestFormat (/Users/rla/Projects/AUTOPM/node_modules/jest-circus/build/jestAdapterInit.js:1917:21)
    at jestAdapter (/Users/rla/Projects/AUTOPM/node_modules/jest-circus/build/runner.js:101:19)
    at runTestInternal (/Users/rla/Projects/AUTOPM/node_modules/jest-runner/build/testWorker.js:275:16)
    at runTest (/Users/rla/Projects/AUTOPM/node_modules/jest-runner/build/testWorker.js:343:7)
    at Object.worker (/Users/rla/Projects/AUTOPM/node_modules/jest-runner/build/testWorker.js:497:12)</failure>
    </testcase>
    <testcase classname="pr-validation migration tests command tests should handle git commands" name="pr-validation migration tests command tests should handle git commands" time="0">
      <failure>Error: ENOENT: no such file or directory, mkdtemp &apos;/Users/rla/Projects/AUTOPM/test/test/tmp-8W5FBy&apos;</failure>
      <failure>TypeError: The &quot;path&quot; argument must be of type string. Received undefined
    at Object.dirname (node:path:1409:5)
    at Object.dirname (/Users/rla/Projects/AUTOPM/test/migration/behavioral/pr-validation.test.js:16:24)
    at Promise.finally.completed (/Users/rla/Projects/AUTOPM/node_modules/jest-circus/build/jestAdapterInit.js:1556:28)
    at new Promise (&lt;anonymous&gt;)
    at callAsyncCircusFn (/Users/rla/Projects/AUTOPM/node_modules/jest-circus/build/jestAdapterInit.js:1496:10)
    at _callCircusHook (/Users/rla/Projects/AUTOPM/node_modules/jest-circus/build/jestAdapterInit.js:975:40)
    at _runTest (/Users/rla/Projects/AUTOPM/node_modules/jest-circus/build/jestAdapterInit.js:948:5)
    at _runTestsForDescribeBlock (/Users/rla/Projects/AUTOPM/node_modules/jest-circus/build/jestAdapterInit.js:839:13)
    at _runTestsForDescribeBlock (/Users/rla/Projects/AUTOPM/node_modules/jest-circus/build/jestAdapterInit.js:829:11)
    at _runTestsForDescribeBlock (/Users/rla/Projects/AUTOPM/node_modules/jest-circus/build/jestAdapterInit.js:829:11)
    at run (/Users/rla/Projects/AUTOPM/node_modules/jest-circus/build/jestAdapterInit.js:757:3)
    at runAndTransformResultsToJestFormat (/Users/rla/Projects/AUTOPM/node_modules/jest-circus/build/jestAdapterInit.js:1917:21)
    at jestAdapter (/Users/rla/Projects/AUTOPM/node_modules/jest-circus/build/runner.js:101:19)
    at runTestInternal (/Users/rla/Projects/AUTOPM/node_modules/jest-runner/build/testWorker.js:275:16)
    at runTest (/Users/rla/Projects/AUTOPM/node_modules/jest-runner/build/testWorker.js:343:7)
    at Object.worker (/Users/rla/Projects/AUTOPM/node_modules/jest-runner/build/testWorker.js:497:12)</failure>
    </testcase>
    <testcase classname="pr-validation migration tests command tests should handle npm commands" name="pr-validation migration tests command tests should handle npm commands" time="0.004">
      <failure>Error: ENOENT: no such file or directory, mkdtemp &apos;/Users/rla/Projects/AUTOPM/test/test/tmp-YaMMSO&apos;</failure>
      <failure>TypeError: The &quot;path&quot; argument must be of type string. Received undefined
    at Object.dirname (node:path:1409:5)
    at Object.dirname (/Users/rla/Projects/AUTOPM/test/migration/behavioral/pr-validation.test.js:16:24)
    at Promise.finally.completed (/Users/rla/Projects/AUTOPM/node_modules/jest-circus/build/jestAdapterInit.js:1556:28)
    at new Promise (&lt;anonymous&gt;)
    at callAsyncCircusFn (/Users/rla/Projects/AUTOPM/node_modules/jest-circus/build/jestAdapterInit.js:1496:10)
    at _callCircusHook (/Users/rla/Projects/AUTOPM/node_modules/jest-circus/build/jestAdapterInit.js:975:40)
    at _runTest (/Users/rla/Projects/AUTOPM/node_modules/jest-circus/build/jestAdapterInit.js:948:5)
    at _runTestsForDescribeBlock (/Users/rla/Projects/AUTOPM/node_modules/jest-circus/build/jestAdapterInit.js:839:13)
    at _runTestsForDescribeBlock (/Users/rla/Projects/AUTOPM/node_modules/jest-circus/build/jestAdapterInit.js:829:11)
    at _runTestsForDescribeBlock (/Users/rla/Projects/AUTOPM/node_modules/jest-circus/build/jestAdapterInit.js:829:11)
    at run (/Users/rla/Projects/AUTOPM/node_modules/jest-circus/build/jestAdapterInit.js:757:3)
    at runAndTransformResultsToJestFormat (/Users/rla/Projects/AUTOPM/node_modules/jest-circus/build/jestAdapterInit.js:1917:21)
    at jestAdapter (/Users/rla/Projects/AUTOPM/node_modules/jest-circus/build/runner.js:101:19)
    at runTestInternal (/Users/rla/Projects/AUTOPM/node_modules/jest-runner/build/testWorker.js:275:16)
    at runTest (/Users/rla/Projects/AUTOPM/node_modules/jest-runner/build/testWorker.js:343:7)
    at Object.worker (/Users/rla/Projects/AUTOPM/node_modules/jest-runner/build/testWorker.js:497:12)</failure>
    </testcase>
    <testcase classname="pr-validation migration tests command tests should handle docker commands" name="pr-validation migration tests command tests should handle docker commands" time="0.001">
      <failure>Error: ENOENT: no such file or directory, mkdtemp &apos;/Users/rla/Projects/AUTOPM/test/test/tmp-wpsahC&apos;</failure>
      <failure>TypeError: The &quot;path&quot; argument must be of type string. Received undefined
    at Object.dirname (node:path:1409:5)
    at Object.dirname (/Users/rla/Projects/AUTOPM/test/migration/behavioral/pr-validation.test.js:16:24)
    at Promise.finally.completed (/Users/rla/Projects/AUTOPM/node_modules/jest-circus/build/jestAdapterInit.js:1556:28)
    at new Promise (&lt;anonymous&gt;)
    at callAsyncCircusFn (/Users/rla/Projects/AUTOPM/node_modules/jest-circus/build/jestAdapterInit.js:1496:10)
    at _callCircusHook (/Users/rla/Projects/AUTOPM/node_modules/jest-circus/build/jestAdapterInit.js:975:40)
    at _runTest (/Users/rla/Projects/AUTOPM/node_modules/jest-circus/build/jestAdapterInit.js:948:5)
    at _runTestsForDescribeBlock (/Users/rla/Projects/AUTOPM/node_modules/jest-circus/build/jestAdapterInit.js:839:13)
    at _runTestsForDescribeBlock (/Users/rla/Projects/AUTOPM/node_modules/jest-circus/build/jestAdapterInit.js:829:11)
    at _runTestsForDescribeBlock (/Users/rla/Projects/AUTOPM/node_modules/jest-circus/build/jestAdapterInit.js:829:11)
    at run (/Users/rla/Projects/AUTOPM/node_modules/jest-circus/build/jestAdapterInit.js:757:3)
    at runAndTransformResultsToJestFormat (/Users/rla/Projects/AUTOPM/node_modules/jest-circus/build/jestAdapterInit.js:1917:21)
    at jestAdapter (/Users/rla/Projects/AUTOPM/node_modules/jest-circus/build/runner.js:101:19)
    at runTestInternal (/Users/rla/Projects/AUTOPM/node_modules/jest-runner/build/testWorker.js:275:16)
    at runTest (/Users/rla/Projects/AUTOPM/node_modules/jest-runner/build/testWorker.js:343:7)
    at Object.worker (/Users/rla/Projects/AUTOPM/node_modules/jest-runner/build/testWorker.js:497:12)</failure>
    </testcase>
    <testcase classname="pr-validation migration tests parity tests should match bash output for standard input" name="pr-validation migration tests parity tests should match bash output for standard input" time="0.002">
      <failure>Error: ENOENT: no such file or directory, mkdtemp &apos;/Users/rla/Projects/AUTOPM/test/test/tmp-jU6lD5&apos;</failure>
      <failure>TypeError: The &quot;path&quot; argument must be of type string. Received undefined
    at Object.dirname (node:path:1409:5)
    at Object.dirname (/Users/rla/Projects/AUTOPM/test/migration/behavioral/pr-validation.test.js:16:24)
    at Promise.finally.completed (/Users/rla/Projects/AUTOPM/node_modules/jest-circus/build/jestAdapterInit.js:1556:28)
    at new Promise (&lt;anonymous&gt;)
    at callAsyncCircusFn (/Users/rla/Projects/AUTOPM/node_modules/jest-circus/build/jestAdapterInit.js:1496:10)
    at _callCircusHook (/Users/rla/Projects/AUTOPM/node_modules/jest-circus/build/jestAdapterInit.js:975:40)
    at _runTest (/Users/rla/Projects/AUTOPM/node_modules/jest-circus/build/jestAdapterInit.js:948:5)
    at _runTestsForDescribeBlock (/Users/rla/Projects/AUTOPM/node_modules/jest-circus/build/jestAdapterInit.js:839:13)
    at _runTestsForDescribeBlock (/Users/rla/Projects/AUTOPM/node_modules/jest-circus/build/jestAdapterInit.js:829:11)
    at _runTestsForDescribeBlock (/Users/rla/Projects/AUTOPM/node_modules/jest-circus/build/jestAdapterInit.js:829:11)
    at run (/Users/rla/Projects/AUTOPM/node_modules/jest-circus/build/jestAdapterInit.js:757:3)
    at runAndTransformResultsToJestFormat (/Users/rla/Projects/AUTOPM/node_modules/jest-circus/build/jestAdapterInit.js:1917:21)
    at jestAdapter (/Users/rla/Projects/AUTOPM/node_modules/jest-circus/build/runner.js:101:19)
    at runTestInternal (/Users/rla/Projects/AUTOPM/node_modules/jest-runner/build/testWorker.js:275:16)
    at runTest (/Users/rla/Projects/AUTOPM/node_modules/jest-runner/build/testWorker.js:343:7)
    at Object.worker (/Users/rla/Projects/AUTOPM/node_modules/jest-runner/build/testWorker.js:497:12)</failure>
    </testcase>
    <testcase classname="pr-validation migration tests error handling should handle missing arguments gracefully" name="pr-validation migration tests error handling should handle missing arguments gracefully" time="0.001">
      <failure>Error: ENOENT: no such file or directory, mkdtemp &apos;/Users/rla/Projects/AUTOPM/test/test/tmp-SBtf85&apos;</failure>
      <failure>TypeError: The &quot;path&quot; argument must be of type string. Received undefined
    at Object.dirname (node:path:1409:5)
    at Object.dirname (/Users/rla/Projects/AUTOPM/test/migration/behavioral/pr-validation.test.js:16:24)
    at Promise.finally.completed (/Users/rla/Projects/AUTOPM/node_modules/jest-circus/build/jestAdapterInit.js:1556:28)
    at new Promise (&lt;anonymous&gt;)
    at callAsyncCircusFn (/Users/rla/Projects/AUTOPM/node_modules/jest-circus/build/jestAdapterInit.js:1496:10)
    at _callCircusHook (/Users/rla/Projects/AUTOPM/node_modules/jest-circus/build/jestAdapterInit.js:975:40)
    at _runTest (/Users/rla/Projects/AUTOPM/node_modules/jest-circus/build/jestAdapterInit.js:948:5)
    at _runTestsForDescribeBlock (/Users/rla/Projects/AUTOPM/node_modules/jest-circus/build/jestAdapterInit.js:839:13)
    at _runTestsForDescribeBlock (/Users/rla/Projects/AUTOPM/node_modules/jest-circus/build/jestAdapterInit.js:829:11)
    at _runTestsForDescribeBlock (/Users/rla/Projects/AUTOPM/node_modules/jest-circus/build/jestAdapterInit.js:829:11)
    at run (/Users/rla/Projects/AUTOPM/node_modules/jest-circus/build/jestAdapterInit.js:757:3)
    at runAndTransformResultsToJestFormat (/Users/rla/Projects/AUTOPM/node_modules/jest-circus/build/jestAdapterInit.js:1917:21)
    at jestAdapter (/Users/rla/Projects/AUTOPM/node_modules/jest-circus/build/runner.js:101:19)
    at runTestInternal (/Users/rla/Projects/AUTOPM/node_modules/jest-runner/build/testWorker.js:275:16)
    at runTest (/Users/rla/Projects/AUTOPM/node_modules/jest-runner/build/testWorker.js:343:7)
    at Object.worker (/Users/rla/Projects/AUTOPM/node_modules/jest-runner/build/testWorker.js:497:12)</failure>
    </testcase>
    <testcase classname="pr-validation migration tests error handling should handle invalid input" name="pr-validation migration tests error handling should handle invalid input" time="0">
      <failure>Error: ENOENT: no such file or directory, mkdtemp &apos;/Users/rla/Projects/AUTOPM/test/test/tmp-ec86ri&apos;</failure>
      <failure>TypeError: The &quot;path&quot; argument must be of type string. Received undefined
    at Object.dirname (node:path:1409:5)
    at Object.dirname (/Users/rla/Projects/AUTOPM/test/migration/behavioral/pr-validation.test.js:16:24)
    at Promise.finally.completed (/Users/rla/Projects/AUTOPM/node_modules/jest-circus/build/jestAdapterInit.js:1556:28)
    at new Promise (&lt;anonymous&gt;)
    at callAsyncCircusFn (/Users/rla/Projects/AUTOPM/node_modules/jest-circus/build/jestAdapterInit.js:1496:10)
    at _callCircusHook (/Users/rla/Projects/AUTOPM/node_modules/jest-circus/build/jestAdapterInit.js:975:40)
    at _runTest (/Users/rla/Projects/AUTOPM/node_modules/jest-circus/build/jestAdapterInit.js:948:5)
    at _runTestsForDescribeBlock (/Users/rla/Projects/AUTOPM/node_modules/jest-circus/build/jestAdapterInit.js:839:13)
    at _runTestsForDescribeBlock (/Users/rla/Projects/AUTOPM/node_modules/jest-circus/build/jestAdapterInit.js:829:11)
    at _runTestsForDescribeBlock (/Users/rla/Projects/AUTOPM/node_modules/jest-circus/build/jestAdapterInit.js:829:11)
    at run (/Users/rla/Projects/AUTOPM/node_modules/jest-circus/build/jestAdapterInit.js:757:3)
    at runAndTransformResultsToJestFormat (/Users/rla/Projects/AUTOPM/node_modules/jest-circus/build/jestAdapterInit.js:1917:21)
    at jestAdapter (/Users/rla/Projects/AUTOPM/node_modules/jest-circus/build/runner.js:101:19)
    at runTestInternal (/Users/rla/Projects/AUTOPM/node_modules/jest-runner/build/testWorker.js:275:16)
    at runTest (/Users/rla/Projects/AUTOPM/node_modules/jest-runner/build/testWorker.js:343:7)
    at Object.worker (/Users/rla/Projects/AUTOPM/node_modules/jest-runner/build/testWorker.js:497:12)</failure>
    </testcase>
  </testsuite>
  <testsuite name="setup-env.js migration" errors="0" failures="1" skipped="0" timestamp="2025-09-26T22:12:34" time="1.118" tests="9">
    <testcase classname="setup-env.js migration Core functionality should display help when --help is passed" name="setup-env.js migration Core functionality should display help when --help is passed" time="0.048">
    </testcase>
    <testcase classname="setup-env.js migration Core functionality should validate ClaudeAutoPM installation" name="setup-env.js migration Core functionality should validate ClaudeAutoPM installation" time="0.182">
    </testcase>
    <testcase classname="setup-env.js migration Environment file creation should create .env file with default values" name="setup-env.js migration Environment file creation should create .env file with default values" time="0.154">
    </testcase>
    <testcase classname="setup-env.js migration Environment file creation should backup existing .env file" name="setup-env.js migration Environment file creation should backup existing .env file" time="0.147">
    </testcase>
    <testcase classname="setup-env.js migration Environment file creation should set secure permissions on .env file" name="setup-env.js migration Environment file creation should set secure permissions on .env file" time="0.035">
    </testcase>
    <testcase classname="setup-env.js migration Configuration options should accept configuration via command line" name="setup-env.js migration Configuration options should accept configuration via command line" time="0.113">
    </testcase>
    <testcase classname="setup-env.js migration Configuration options should validate input formats" name="setup-env.js migration Configuration options should validate input formats" time="0.13">
    </testcase>
    <testcase classname="setup-env.js migration Template processing should use .env.example as template" name="setup-env.js migration Template processing should use .env.example as template" time="0.04">
      <failure>Error: expect(received).toContain(expected) // indexOf

Expected substring: &quot;CUSTOM_VAR=&quot;
Received string:    &quot;# ============================================
# MCP (Model Context Protocol) Configuration
# Generated on 2025-09-26T22:12:35.295Z
# Target: /var/folders/6r/nlf3scq92x36d174267fqbb00000gn/T/setup-env-test-mRpNqB
# ============================================
# Context7 MCP Server Configuration
# ------------------------------------------
CONTEXT7_API_KEY=
CONTEXT7_MCP_URL=mcp.context7.com/mcp
CONTEXT7_API_URL=context7.com/api/v1
CONTEXT7_WORKSPACE=
CONTEXT7_MODE=documentation
CONTEXT7_CACHE_TTL=3600
# GitHub MCP Server Configuration
# ============================================
GITHUB_TOKEN=
GITHUB_API_URL=https://api.github.com
# Playwright MCP Server Configuration
# ============================================
PLAYWRIGHT_BROWSER=chromium
PLAYWRIGHT_HEADLESS=true
# Azure DevOps Configuration (Skipped)
# ============================================
# AZURE_DEVOPS_PAT=your-azure-devops-pat
# AZURE_DEVOPS_ORG=your-organization
# AZURE_DEVOPS_PROJECT=your-project
# ============================================
# MCP Context Pool Settings
# ============================================
# Maximum context pool size for shared contexts
MCP_CONTEXT_POOL_MAX_SIZE=100MB
# Context retention period (e.g., 7d, 24h, 1w)
MCP_CONTEXT_RETENTION=7d
# Context refresh interval (daily, hourly, on-change)
MCP_CONTEXT_REFRESH=daily
# ============================================
# Development &amp; Testing
# ============================================
# Enable MCP debug logging (true/false)
MCP_DEBUG=false
# MCP log level (error, warn, info, debug, trace)
MCP_LOG_LEVEL=info
# ============================================
# IMPORTANT SECURITY NOTES
# ============================================
# 1. NEVER commit this file to version control
# 2. This file is already in .gitignore
# 3. Keep this file secure with proper permissions (600)
# 4. Rotate API keys regularly
# 5. Use environment-specific .env files for different environments
# 6. Consider using a secrets management service for production
# ============================================
&quot;
    at Object.toContain (/Users/rla/Projects/AUTOPM/test/migration/behavioral/setup-env.test.js:133:23)
    at Promise.finally.completed (/Users/rla/Projects/AUTOPM/node_modules/jest-circus/build/jestAdapterInit.js:1556:28)
    at new Promise (&lt;anonymous&gt;)
    at callAsyncCircusFn (/Users/rla/Projects/AUTOPM/node_modules/jest-circus/build/jestAdapterInit.js:1496:10)
    at _callCircusTest (/Users/rla/Projects/AUTOPM/node_modules/jest-circus/build/jestAdapterInit.js:1006:40)
    at processTicksAndRejections (node:internal/process/task_queues:105:5)
    at _runTest (/Users/rla/Projects/AUTOPM/node_modules/jest-circus/build/jestAdapterInit.js:946:3)
    at _runTestsForDescribeBlock (/Users/rla/Projects/AUTOPM/node_modules/jest-circus/build/jestAdapterInit.js:839:13)
    at _runTestsForDescribeBlock (/Users/rla/Projects/AUTOPM/node_modules/jest-circus/build/jestAdapterInit.js:829:11)
    at _runTestsForDescribeBlock (/Users/rla/Projects/AUTOPM/node_modules/jest-circus/build/jestAdapterInit.js:829:11)
    at run (/Users/rla/Projects/AUTOPM/node_modules/jest-circus/build/jestAdapterInit.js:757:3)
    at runAndTransformResultsToJestFormat (/Users/rla/Projects/AUTOPM/node_modules/jest-circus/build/jestAdapterInit.js:1917:21)
    at jestAdapter (/Users/rla/Projects/AUTOPM/node_modules/jest-circus/build/runner.js:101:19)
    at runTestInternal (/Users/rla/Projects/AUTOPM/node_modules/jest-runner/build/testWorker.js:275:16)
    at runTest (/Users/rla/Projects/AUTOPM/node_modules/jest-runner/build/testWorker.js:343:7)
    at Object.worker (/Users/rla/Projects/AUTOPM/node_modules/jest-runner/build/testWorker.js:497:12)</failure>
    </testcase>
    <testcase classname="setup-env.js migration Backward compatibility should support same command-line interface as bash version" name="setup-env.js migration Backward compatibility should support same command-line interface as bash version" time="0.04">
    </testcase>
  </testsuite>
  <testsuite name="docker-dev-setup migration tests" errors="0" failures="13" skipped="0" timestamp="2025-09-26T22:12:35" time="0.042" tests="13">
    <testcase classname="docker-dev-setup migration tests behavioral tests should execute detect_project_type function correctly" name="docker-dev-setup migration tests behavioral tests should execute detect_project_type function correctly" time="0.002">
      <failure>Error: ENOENT: no such file or directory, mkdtemp &apos;/Users/rla/Projects/AUTOPM/test/test/tmp-o143KM&apos;</failure>
      <failure>TypeError: The &quot;path&quot; argument must be of type string. Received undefined
    at Object.dirname (node:path:1409:5)
    at Object.dirname (/Users/rla/Projects/AUTOPM/test/migration/behavioral/docker-dev-setup.test.js:16:24)
    at Promise.finally.completed (/Users/rla/Projects/AUTOPM/node_modules/jest-circus/build/jestAdapterInit.js:1556:28)
    at new Promise (&lt;anonymous&gt;)
    at callAsyncCircusFn (/Users/rla/Projects/AUTOPM/node_modules/jest-circus/build/jestAdapterInit.js:1496:10)
    at _callCircusHook (/Users/rla/Projects/AUTOPM/node_modules/jest-circus/build/jestAdapterInit.js:975:40)
    at _runTest (/Users/rla/Projects/AUTOPM/node_modules/jest-circus/build/jestAdapterInit.js:948:5)
    at _runTestsForDescribeBlock (/Users/rla/Projects/AUTOPM/node_modules/jest-circus/build/jestAdapterInit.js:839:13)
    at _runTestsForDescribeBlock (/Users/rla/Projects/AUTOPM/node_modules/jest-circus/build/jestAdapterInit.js:829:11)
    at _runTestsForDescribeBlock (/Users/rla/Projects/AUTOPM/node_modules/jest-circus/build/jestAdapterInit.js:829:11)
    at run (/Users/rla/Projects/AUTOPM/node_modules/jest-circus/build/jestAdapterInit.js:757:3)
    at runAndTransformResultsToJestFormat (/Users/rla/Projects/AUTOPM/node_modules/jest-circus/build/jestAdapterInit.js:1917:21)
    at jestAdapter (/Users/rla/Projects/AUTOPM/node_modules/jest-circus/build/runner.js:101:19)
    at runTestInternal (/Users/rla/Projects/AUTOPM/node_modules/jest-runner/build/testWorker.js:275:16)
    at runTest (/Users/rla/Projects/AUTOPM/node_modules/jest-runner/build/testWorker.js:343:7)
    at Object.worker (/Users/rla/Projects/AUTOPM/node_modules/jest-runner/build/testWorker.js:497:12)</failure>
    </testcase>
    <testcase classname="docker-dev-setup migration tests behavioral tests should execute create_nodejs_docker function correctly" name="docker-dev-setup migration tests behavioral tests should execute create_nodejs_docker function correctly" time="0.001">
      <failure>Error: ENOENT: no such file or directory, mkdtemp &apos;/Users/rla/Projects/AUTOPM/test/test/tmp-ilPu1c&apos;</failure>
      <failure>TypeError: The &quot;path&quot; argument must be of type string. Received undefined
    at Object.dirname (node:path:1409:5)
    at Object.dirname (/Users/rla/Projects/AUTOPM/test/migration/behavioral/docker-dev-setup.test.js:16:24)
    at Promise.finally.completed (/Users/rla/Projects/AUTOPM/node_modules/jest-circus/build/jestAdapterInit.js:1556:28)
    at new Promise (&lt;anonymous&gt;)
    at callAsyncCircusFn (/Users/rla/Projects/AUTOPM/node_modules/jest-circus/build/jestAdapterInit.js:1496:10)
    at _callCircusHook (/Users/rla/Projects/AUTOPM/node_modules/jest-circus/build/jestAdapterInit.js:975:40)
    at _runTest (/Users/rla/Projects/AUTOPM/node_modules/jest-circus/build/jestAdapterInit.js:948:5)
    at _runTestsForDescribeBlock (/Users/rla/Projects/AUTOPM/node_modules/jest-circus/build/jestAdapterInit.js:839:13)
    at _runTestsForDescribeBlock (/Users/rla/Projects/AUTOPM/node_modules/jest-circus/build/jestAdapterInit.js:829:11)
    at _runTestsForDescribeBlock (/Users/rla/Projects/AUTOPM/node_modules/jest-circus/build/jestAdapterInit.js:829:11)
    at run (/Users/rla/Projects/AUTOPM/node_modules/jest-circus/build/jestAdapterInit.js:757:3)
    at runAndTransformResultsToJestFormat (/Users/rla/Projects/AUTOPM/node_modules/jest-circus/build/jestAdapterInit.js:1917:21)
    at jestAdapter (/Users/rla/Projects/AUTOPM/node_modules/jest-circus/build/runner.js:101:19)
    at runTestInternal (/Users/rla/Projects/AUTOPM/node_modules/jest-runner/build/testWorker.js:275:16)
    at runTest (/Users/rla/Projects/AUTOPM/node_modules/jest-runner/build/testWorker.js:343:7)
    at Object.worker (/Users/rla/Projects/AUTOPM/node_modules/jest-runner/build/testWorker.js:497:12)</failure>
    </testcase>
    <testcase classname="docker-dev-setup migration tests behavioral tests should execute create_python_docker function correctly" name="docker-dev-setup migration tests behavioral tests should execute create_python_docker function correctly" time="0.004">
      <failure>Error: ENOENT: no such file or directory, mkdtemp &apos;/Users/rla/Projects/AUTOPM/test/test/tmp-uJrj2I&apos;</failure>
      <failure>TypeError: The &quot;path&quot; argument must be of type string. Received undefined
    at Object.dirname (node:path:1409:5)
    at Object.dirname (/Users/rla/Projects/AUTOPM/test/migration/behavioral/docker-dev-setup.test.js:16:24)
    at Promise.finally.completed (/Users/rla/Projects/AUTOPM/node_modules/jest-circus/build/jestAdapterInit.js:1556:28)
    at new Promise (&lt;anonymous&gt;)
    at callAsyncCircusFn (/Users/rla/Projects/AUTOPM/node_modules/jest-circus/build/jestAdapterInit.js:1496:10)
    at _callCircusHook (/Users/rla/Projects/AUTOPM/node_modules/jest-circus/build/jestAdapterInit.js:975:40)
    at _runTest (/Users/rla/Projects/AUTOPM/node_modules/jest-circus/build/jestAdapterInit.js:948:5)
    at _runTestsForDescribeBlock (/Users/rla/Projects/AUTOPM/node_modules/jest-circus/build/jestAdapterInit.js:839:13)
    at _runTestsForDescribeBlock (/Users/rla/Projects/AUTOPM/node_modules/jest-circus/build/jestAdapterInit.js:829:11)
    at _runTestsForDescribeBlock (/Users/rla/Projects/AUTOPM/node_modules/jest-circus/build/jestAdapterInit.js:829:11)
    at run (/Users/rla/Projects/AUTOPM/node_modules/jest-circus/build/jestAdapterInit.js:757:3)
    at runAndTransformResultsToJestFormat (/Users/rla/Projects/AUTOPM/node_modules/jest-circus/build/jestAdapterInit.js:1917:21)
    at jestAdapter (/Users/rla/Projects/AUTOPM/node_modules/jest-circus/build/runner.js:101:19)
    at runTestInternal (/Users/rla/Projects/AUTOPM/node_modules/jest-runner/build/testWorker.js:275:16)
    at runTest (/Users/rla/Projects/AUTOPM/node_modules/jest-runner/build/testWorker.js:343:7)
    at Object.worker (/Users/rla/Projects/AUTOPM/node_modules/jest-runner/build/testWorker.js:497:12)</failure>
    </testcase>
    <testcase classname="docker-dev-setup migration tests behavioral tests should execute create_golang_docker function correctly" name="docker-dev-setup migration tests behavioral tests should execute create_golang_docker function correctly" time="0.001">
      <failure>Error: ENOENT: no such file or directory, mkdtemp &apos;/Users/rla/Projects/AUTOPM/test/test/tmp-mzdart&apos;</failure>
      <failure>TypeError: The &quot;path&quot; argument must be of type string. Received undefined
    at Object.dirname (node:path:1409:5)
    at Object.dirname (/Users/rla/Projects/AUTOPM/test/migration/behavioral/docker-dev-setup.test.js:16:24)
    at Promise.finally.completed (/Users/rla/Projects/AUTOPM/node_modules/jest-circus/build/jestAdapterInit.js:1556:28)
    at new Promise (&lt;anonymous&gt;)
    at callAsyncCircusFn (/Users/rla/Projects/AUTOPM/node_modules/jest-circus/build/jestAdapterInit.js:1496:10)
    at _callCircusHook (/Users/rla/Projects/AUTOPM/node_modules/jest-circus/build/jestAdapterInit.js:975:40)
    at _runTest (/Users/rla/Projects/AUTOPM/node_modules/jest-circus/build/jestAdapterInit.js:948:5)
    at _runTestsForDescribeBlock (/Users/rla/Projects/AUTOPM/node_modules/jest-circus/build/jestAdapterInit.js:839:13)
    at _runTestsForDescribeBlock (/Users/rla/Projects/AUTOPM/node_modules/jest-circus/build/jestAdapterInit.js:829:11)
    at _runTestsForDescribeBlock (/Users/rla/Projects/AUTOPM/node_modules/jest-circus/build/jestAdapterInit.js:829:11)
    at run (/Users/rla/Projects/AUTOPM/node_modules/jest-circus/build/jestAdapterInit.js:757:3)
    at runAndTransformResultsToJestFormat (/Users/rla/Projects/AUTOPM/node_modules/jest-circus/build/jestAdapterInit.js:1917:21)
    at jestAdapter (/Users/rla/Projects/AUTOPM/node_modules/jest-circus/build/runner.js:101:19)
    at runTestInternal (/Users/rla/Projects/AUTOPM/node_modules/jest-runner/build/testWorker.js:275:16)
    at runTest (/Users/rla/Projects/AUTOPM/node_modules/jest-runner/build/testWorker.js:343:7)
    at Object.worker (/Users/rla/Projects/AUTOPM/node_modules/jest-runner/build/testWorker.js:497:12)</failure>
    </testcase>
    <testcase classname="docker-dev-setup migration tests behavioral tests should execute create_dockerignore function correctly" name="docker-dev-setup migration tests behavioral tests should execute create_dockerignore function correctly" time="0.001">
      <failure>Error: ENOENT: no such file or directory, mkdtemp &apos;/Users/rla/Projects/AUTOPM/test/test/tmp-G8r6Wy&apos;</failure>
      <failure>TypeError: The &quot;path&quot; argument must be of type string. Received undefined
    at Object.dirname (node:path:1409:5)
    at Object.dirname (/Users/rla/Projects/AUTOPM/test/migration/behavioral/docker-dev-setup.test.js:16:24)
    at Promise.finally.completed (/Users/rla/Projects/AUTOPM/node_modules/jest-circus/build/jestAdapterInit.js:1556:28)
    at new Promise (&lt;anonymous&gt;)
    at callAsyncCircusFn (/Users/rla/Projects/AUTOPM/node_modules/jest-circus/build/jestAdapterInit.js:1496:10)
    at _callCircusHook (/Users/rla/Projects/AUTOPM/node_modules/jest-circus/build/jestAdapterInit.js:975:40)
    at _runTest (/Users/rla/Projects/AUTOPM/node_modules/jest-circus/build/jestAdapterInit.js:948:5)
    at _runTestsForDescribeBlock (/Users/rla/Projects/AUTOPM/node_modules/jest-circus/build/jestAdapterInit.js:839:13)
    at _runTestsForDescribeBlock (/Users/rla/Projects/AUTOPM/node_modules/jest-circus/build/jestAdapterInit.js:829:11)
    at _runTestsForDescribeBlock (/Users/rla/Projects/AUTOPM/node_modules/jest-circus/build/jestAdapterInit.js:829:11)
    at run (/Users/rla/Projects/AUTOPM/node_modules/jest-circus/build/jestAdapterInit.js:757:3)
    at runAndTransformResultsToJestFormat (/Users/rla/Projects/AUTOPM/node_modules/jest-circus/build/jestAdapterInit.js:1917:21)
    at jestAdapter (/Users/rla/Projects/AUTOPM/node_modules/jest-circus/build/runner.js:101:19)
    at runTestInternal (/Users/rla/Projects/AUTOPM/node_modules/jest-runner/build/testWorker.js:275:16)
    at runTest (/Users/rla/Projects/AUTOPM/node_modules/jest-runner/build/testWorker.js:343:7)
    at Object.worker (/Users/rla/Projects/AUTOPM/node_modules/jest-runner/build/testWorker.js:497:12)</failure>
    </testcase>
    <testcase classname="docker-dev-setup migration tests behavioral tests should execute create_makefile function correctly" name="docker-dev-setup migration tests behavioral tests should execute create_makefile function correctly" time="0.001">
      <failure>Error: ENOENT: no such file or directory, mkdtemp &apos;/Users/rla/Projects/AUTOPM/test/test/tmp-YroaQD&apos;</failure>
      <failure>TypeError: The &quot;path&quot; argument must be of type string. Received undefined
    at Object.dirname (node:path:1409:5)
    at Object.dirname (/Users/rla/Projects/AUTOPM/test/migration/behavioral/docker-dev-setup.test.js:16:24)
    at Promise.finally.completed (/Users/rla/Projects/AUTOPM/node_modules/jest-circus/build/jestAdapterInit.js:1556:28)
    at new Promise (&lt;anonymous&gt;)
    at callAsyncCircusFn (/Users/rla/Projects/AUTOPM/node_modules/jest-circus/build/jestAdapterInit.js:1496:10)
    at _callCircusHook (/Users/rla/Projects/AUTOPM/node_modules/jest-circus/build/jestAdapterInit.js:975:40)
    at _runTest (/Users/rla/Projects/AUTOPM/node_modules/jest-circus/build/jestAdapterInit.js:948:5)
    at _runTestsForDescribeBlock (/Users/rla/Projects/AUTOPM/node_modules/jest-circus/build/jestAdapterInit.js:839:13)
    at _runTestsForDescribeBlock (/Users/rla/Projects/AUTOPM/node_modules/jest-circus/build/jestAdapterInit.js:829:11)
    at _runTestsForDescribeBlock (/Users/rla/Projects/AUTOPM/node_modules/jest-circus/build/jestAdapterInit.js:829:11)
    at run (/Users/rla/Projects/AUTOPM/node_modules/jest-circus/build/jestAdapterInit.js:757:3)
    at runAndTransformResultsToJestFormat (/Users/rla/Projects/AUTOPM/node_modules/jest-circus/build/jestAdapterInit.js:1917:21)
    at jestAdapter (/Users/rla/Projects/AUTOPM/node_modules/jest-circus/build/runner.js:101:19)
    at runTestInternal (/Users/rla/Projects/AUTOPM/node_modules/jest-runner/build/testWorker.js:275:16)
    at runTest (/Users/rla/Projects/AUTOPM/node_modules/jest-runner/build/testWorker.js:343:7)
    at Object.worker (/Users/rla/Projects/AUTOPM/node_modules/jest-runner/build/testWorker.js:497:12)</failure>
    </testcase>
    <testcase classname="docker-dev-setup migration tests behavioral tests should execute main function correctly" name="docker-dev-setup migration tests behavioral tests should execute main function correctly" time="0">
      <failure>Error: ENOENT: no such file or directory, mkdtemp &apos;/Users/rla/Projects/AUTOPM/test/test/tmp-2Jyo65&apos;</failure>
      <failure>TypeError: The &quot;path&quot; argument must be of type string. Received undefined
    at Object.dirname (node:path:1409:5)
    at Object.dirname (/Users/rla/Projects/AUTOPM/test/migration/behavioral/docker-dev-setup.test.js:16:24)
    at Promise.finally.completed (/Users/rla/Projects/AUTOPM/node_modules/jest-circus/build/jestAdapterInit.js:1556:28)
    at new Promise (&lt;anonymous&gt;)
    at callAsyncCircusFn (/Users/rla/Projects/AUTOPM/node_modules/jest-circus/build/jestAdapterInit.js:1496:10)
    at _callCircusHook (/Users/rla/Projects/AUTOPM/node_modules/jest-circus/build/jestAdapterInit.js:975:40)
    at _runTest (/Users/rla/Projects/AUTOPM/node_modules/jest-circus/build/jestAdapterInit.js:948:5)
    at _runTestsForDescribeBlock (/Users/rla/Projects/AUTOPM/node_modules/jest-circus/build/jestAdapterInit.js:839:13)
    at _runTestsForDescribeBlock (/Users/rla/Projects/AUTOPM/node_modules/jest-circus/build/jestAdapterInit.js:829:11)
    at _runTestsForDescribeBlock (/Users/rla/Projects/AUTOPM/node_modules/jest-circus/build/jestAdapterInit.js:829:11)
    at run (/Users/rla/Projects/AUTOPM/node_modules/jest-circus/build/jestAdapterInit.js:757:3)
    at runAndTransformResultsToJestFormat (/Users/rla/Projects/AUTOPM/node_modules/jest-circus/build/jestAdapterInit.js:1917:21)
    at jestAdapter (/Users/rla/Projects/AUTOPM/node_modules/jest-circus/build/runner.js:101:19)
    at runTestInternal (/Users/rla/Projects/AUTOPM/node_modules/jest-runner/build/testWorker.js:275:16)
    at runTest (/Users/rla/Projects/AUTOPM/node_modules/jest-runner/build/testWorker.js:343:7)
    at Object.worker (/Users/rla/Projects/AUTOPM/node_modules/jest-runner/build/testWorker.js:497:12)</failure>
    </testcase>
    <testcase classname="docker-dev-setup migration tests command tests should handle git commands" name="docker-dev-setup migration tests command tests should handle git commands" time="0">
      <failure>Error: ENOENT: no such file or directory, mkdtemp &apos;/Users/rla/Projects/AUTOPM/test/test/tmp-Yl82e3&apos;</failure>
      <failure>TypeError: The &quot;path&quot; argument must be of type string. Received undefined
    at Object.dirname (node:path:1409:5)
    at Object.dirname (/Users/rla/Projects/AUTOPM/test/migration/behavioral/docker-dev-setup.test.js:16:24)
    at Promise.finally.completed (/Users/rla/Projects/AUTOPM/node_modules/jest-circus/build/jestAdapterInit.js:1556:28)
    at new Promise (&lt;anonymous&gt;)
    at callAsyncCircusFn (/Users/rla/Projects/AUTOPM/node_modules/jest-circus/build/jestAdapterInit.js:1496:10)
    at _callCircusHook (/Users/rla/Projects/AUTOPM/node_modules/jest-circus/build/jestAdapterInit.js:975:40)
    at _runTest (/Users/rla/Projects/AUTOPM/node_modules/jest-circus/build/jestAdapterInit.js:948:5)
    at _runTestsForDescribeBlock (/Users/rla/Projects/AUTOPM/node_modules/jest-circus/build/jestAdapterInit.js:839:13)
    at _runTestsForDescribeBlock (/Users/rla/Projects/AUTOPM/node_modules/jest-circus/build/jestAdapterInit.js:829:11)
    at _runTestsForDescribeBlock (/Users/rla/Projects/AUTOPM/node_modules/jest-circus/build/jestAdapterInit.js:829:11)
    at run (/Users/rla/Projects/AUTOPM/node_modules/jest-circus/build/jestAdapterInit.js:757:3)
    at runAndTransformResultsToJestFormat (/Users/rla/Projects/AUTOPM/node_modules/jest-circus/build/jestAdapterInit.js:1917:21)
    at jestAdapter (/Users/rla/Projects/AUTOPM/node_modules/jest-circus/build/runner.js:101:19)
    at runTestInternal (/Users/rla/Projects/AUTOPM/node_modules/jest-runner/build/testWorker.js:275:16)
    at runTest (/Users/rla/Projects/AUTOPM/node_modules/jest-runner/build/testWorker.js:343:7)
    at Object.worker (/Users/rla/Projects/AUTOPM/node_modules/jest-runner/build/testWorker.js:497:12)</failure>
    </testcase>
    <testcase classname="docker-dev-setup migration tests command tests should handle npm commands" name="docker-dev-setup migration tests command tests should handle npm commands" time="0">
      <failure>Error: ENOENT: no such file or directory, mkdtemp &apos;/Users/rla/Projects/AUTOPM/test/test/tmp-8AOkGc&apos;</failure>
      <failure>TypeError: The &quot;path&quot; argument must be of type string. Received undefined
    at Object.dirname (node:path:1409:5)
    at Object.dirname (/Users/rla/Projects/AUTOPM/test/migration/behavioral/docker-dev-setup.test.js:16:24)
    at Promise.finally.completed (/Users/rla/Projects/AUTOPM/node_modules/jest-circus/build/jestAdapterInit.js:1556:28)
    at new Promise (&lt;anonymous&gt;)
    at callAsyncCircusFn (/Users/rla/Projects/AUTOPM/node_modules/jest-circus/build/jestAdapterInit.js:1496:10)
    at _callCircusHook (/Users/rla/Projects/AUTOPM/node_modules/jest-circus/build/jestAdapterInit.js:975:40)
    at _runTest (/Users/rla/Projects/AUTOPM/node_modules/jest-circus/build/jestAdapterInit.js:948:5)
    at _runTestsForDescribeBlock (/Users/rla/Projects/AUTOPM/node_modules/jest-circus/build/jestAdapterInit.js:839:13)
    at _runTestsForDescribeBlock (/Users/rla/Projects/AUTOPM/node_modules/jest-circus/build/jestAdapterInit.js:829:11)
    at _runTestsForDescribeBlock (/Users/rla/Projects/AUTOPM/node_modules/jest-circus/build/jestAdapterInit.js:829:11)
    at run (/Users/rla/Projects/AUTOPM/node_modules/jest-circus/build/jestAdapterInit.js:757:3)
    at runAndTransformResultsToJestFormat (/Users/rla/Projects/AUTOPM/node_modules/jest-circus/build/jestAdapterInit.js:1917:21)
    at jestAdapter (/Users/rla/Projects/AUTOPM/node_modules/jest-circus/build/runner.js:101:19)
    at runTestInternal (/Users/rla/Projects/AUTOPM/node_modules/jest-runner/build/testWorker.js:275:16)
    at runTest (/Users/rla/Projects/AUTOPM/node_modules/jest-runner/build/testWorker.js:343:7)
    at Object.worker (/Users/rla/Projects/AUTOPM/node_modules/jest-runner/build/testWorker.js:497:12)</failure>
    </testcase>
    <testcase classname="docker-dev-setup migration tests command tests should handle docker commands" name="docker-dev-setup migration tests command tests should handle docker commands" time="0">
      <failure>Error: ENOENT: no such file or directory, mkdtemp &apos;/Users/rla/Projects/AUTOPM/test/test/tmp-hYutux&apos;</failure>
      <failure>TypeError: The &quot;path&quot; argument must be of type string. Received undefined
    at Object.dirname (node:path:1409:5)
    at Object.dirname (/Users/rla/Projects/AUTOPM/test/migration/behavioral/docker-dev-setup.test.js:16:24)
    at Promise.finally.completed (/Users/rla/Projects/AUTOPM/node_modules/jest-circus/build/jestAdapterInit.js:1556:28)
    at new Promise (&lt;anonymous&gt;)
    at callAsyncCircusFn (/Users/rla/Projects/AUTOPM/node_modules/jest-circus/build/jestAdapterInit.js:1496:10)
    at _callCircusHook (/Users/rla/Projects/AUTOPM/node_modules/jest-circus/build/jestAdapterInit.js:975:40)
    at _runTest (/Users/rla/Projects/AUTOPM/node_modules/jest-circus/build/jestAdapterInit.js:948:5)
    at _runTestsForDescribeBlock (/Users/rla/Projects/AUTOPM/node_modules/jest-circus/build/jestAdapterInit.js:839:13)
    at _runTestsForDescribeBlock (/Users/rla/Projects/AUTOPM/node_modules/jest-circus/build/jestAdapterInit.js:829:11)
    at _runTestsForDescribeBlock (/Users/rla/Projects/AUTOPM/node_modules/jest-circus/build/jestAdapterInit.js:829:11)
    at run (/Users/rla/Projects/AUTOPM/node_modules/jest-circus/build/jestAdapterInit.js:757:3)
    at runAndTransformResultsToJestFormat (/Users/rla/Projects/AUTOPM/node_modules/jest-circus/build/jestAdapterInit.js:1917:21)
    at jestAdapter (/Users/rla/Projects/AUTOPM/node_modules/jest-circus/build/runner.js:101:19)
    at runTestInternal (/Users/rla/Projects/AUTOPM/node_modules/jest-runner/build/testWorker.js:275:16)
    at runTest (/Users/rla/Projects/AUTOPM/node_modules/jest-runner/build/testWorker.js:343:7)
    at Object.worker (/Users/rla/Projects/AUTOPM/node_modules/jest-runner/build/testWorker.js:497:12)</failure>
    </testcase>
    <testcase classname="docker-dev-setup migration tests parity tests should match bash output for standard input" name="docker-dev-setup migration tests parity tests should match bash output for standard input" time="0">
      <failure>Error: ENOENT: no such file or directory, mkdtemp &apos;/Users/rla/Projects/AUTOPM/test/test/tmp-lMlnVq&apos;</failure>
      <failure>TypeError: The &quot;path&quot; argument must be of type string. Received undefined
    at Object.dirname (node:path:1409:5)
    at Object.dirname (/Users/rla/Projects/AUTOPM/test/migration/behavioral/docker-dev-setup.test.js:16:24)
    at Promise.finally.completed (/Users/rla/Projects/AUTOPM/node_modules/jest-circus/build/jestAdapterInit.js:1556:28)
    at new Promise (&lt;anonymous&gt;)
    at callAsyncCircusFn (/Users/rla/Projects/AUTOPM/node_modules/jest-circus/build/jestAdapterInit.js:1496:10)
    at _callCircusHook (/Users/rla/Projects/AUTOPM/node_modules/jest-circus/build/jestAdapterInit.js:975:40)
    at _runTest (/Users/rla/Projects/AUTOPM/node_modules/jest-circus/build/jestAdapterInit.js:948:5)
    at _runTestsForDescribeBlock (/Users/rla/Projects/AUTOPM/node_modules/jest-circus/build/jestAdapterInit.js:839:13)
    at _runTestsForDescribeBlock (/Users/rla/Projects/AUTOPM/node_modules/jest-circus/build/jestAdapterInit.js:829:11)
    at _runTestsForDescribeBlock (/Users/rla/Projects/AUTOPM/node_modules/jest-circus/build/jestAdapterInit.js:829:11)
    at run (/Users/rla/Projects/AUTOPM/node_modules/jest-circus/build/jestAdapterInit.js:757:3)
    at runAndTransformResultsToJestFormat (/Users/rla/Projects/AUTOPM/node_modules/jest-circus/build/jestAdapterInit.js:1917:21)
    at jestAdapter (/Users/rla/Projects/AUTOPM/node_modules/jest-circus/build/runner.js:101:19)
    at runTestInternal (/Users/rla/Projects/AUTOPM/node_modules/jest-runner/build/testWorker.js:275:16)
    at runTest (/Users/rla/Projects/AUTOPM/node_modules/jest-runner/build/testWorker.js:343:7)
    at Object.worker (/Users/rla/Projects/AUTOPM/node_modules/jest-runner/build/testWorker.js:497:12)</failure>
    </testcase>
    <testcase classname="docker-dev-setup migration tests error handling should handle missing arguments gracefully" name="docker-dev-setup migration tests error handling should handle missing arguments gracefully" time="0.006">
      <failure>Error: ENOENT: no such file or directory, mkdtemp &apos;/Users/rla/Projects/AUTOPM/test/test/tmp-D9GoPf&apos;</failure>
      <failure>TypeError: The &quot;path&quot; argument must be of type string. Received undefined
    at Object.dirname (node:path:1409:5)
    at Object.dirname (/Users/rla/Projects/AUTOPM/test/migration/behavioral/docker-dev-setup.test.js:16:24)
    at Promise.finally.completed (/Users/rla/Projects/AUTOPM/node_modules/jest-circus/build/jestAdapterInit.js:1556:28)
    at new Promise (&lt;anonymous&gt;)
    at callAsyncCircusFn (/Users/rla/Projects/AUTOPM/node_modules/jest-circus/build/jestAdapterInit.js:1496:10)
    at _callCircusHook (/Users/rla/Projects/AUTOPM/node_modules/jest-circus/build/jestAdapterInit.js:975:40)
    at _runTest (/Users/rla/Projects/AUTOPM/node_modules/jest-circus/build/jestAdapterInit.js:948:5)
    at _runTestsForDescribeBlock (/Users/rla/Projects/AUTOPM/node_modules/jest-circus/build/jestAdapterInit.js:839:13)
    at _runTestsForDescribeBlock (/Users/rla/Projects/AUTOPM/node_modules/jest-circus/build/jestAdapterInit.js:829:11)
    at _runTestsForDescribeBlock (/Users/rla/Projects/AUTOPM/node_modules/jest-circus/build/jestAdapterInit.js:829:11)
    at run (/Users/rla/Projects/AUTOPM/node_modules/jest-circus/build/jestAdapterInit.js:757:3)
    at runAndTransformResultsToJestFormat (/Users/rla/Projects/AUTOPM/node_modules/jest-circus/build/jestAdapterInit.js:1917:21)
    at jestAdapter (/Users/rla/Projects/AUTOPM/node_modules/jest-circus/build/runner.js:101:19)
    at runTestInternal (/Users/rla/Projects/AUTOPM/node_modules/jest-runner/build/testWorker.js:275:16)
    at runTest (/Users/rla/Projects/AUTOPM/node_modules/jest-runner/build/testWorker.js:343:7)
    at Object.worker (/Users/rla/Projects/AUTOPM/node_modules/jest-runner/build/testWorker.js:497:12)</failure>
    </testcase>
    <testcase classname="docker-dev-setup migration tests error handling should handle invalid input" name="docker-dev-setup migration tests error handling should handle invalid input" time="0.001">
      <failure>Error: ENOENT: no such file or directory, mkdtemp &apos;/Users/rla/Projects/AUTOPM/test/test/tmp-eWbmPC&apos;</failure>
      <failure>TypeError: The &quot;path&quot; argument must be of type string. Received undefined
    at Object.dirname (node:path:1409:5)
    at Object.dirname (/Users/rla/Projects/AUTOPM/test/migration/behavioral/docker-dev-setup.test.js:16:24)
    at Promise.finally.completed (/Users/rla/Projects/AUTOPM/node_modules/jest-circus/build/jestAdapterInit.js:1556:28)
    at new Promise (&lt;anonymous&gt;)
    at callAsyncCircusFn (/Users/rla/Projects/AUTOPM/node_modules/jest-circus/build/jestAdapterInit.js:1496:10)
    at _callCircusHook (/Users/rla/Projects/AUTOPM/node_modules/jest-circus/build/jestAdapterInit.js:975:40)
    at _runTest (/Users/rla/Projects/AUTOPM/node_modules/jest-circus/build/jestAdapterInit.js:948:5)
    at _runTestsForDescribeBlock (/Users/rla/Projects/AUTOPM/node_modules/jest-circus/build/jestAdapterInit.js:839:13)
    at _runTestsForDescribeBlock (/Users/rla/Projects/AUTOPM/node_modules/jest-circus/build/jestAdapterInit.js:829:11)
    at _runTestsForDescribeBlock (/Users/rla/Projects/AUTOPM/node_modules/jest-circus/build/jestAdapterInit.js:829:11)
    at run (/Users/rla/Projects/AUTOPM/node_modules/jest-circus/build/jestAdapterInit.js:757:3)
    at runAndTransformResultsToJestFormat (/Users/rla/Projects/AUTOPM/node_modules/jest-circus/build/jestAdapterInit.js:1917:21)
    at jestAdapter (/Users/rla/Projects/AUTOPM/node_modules/jest-circus/build/runner.js:101:19)
    at runTestInternal (/Users/rla/Projects/AUTOPM/node_modules/jest-runner/build/testWorker.js:275:16)
    at runTest (/Users/rla/Projects/AUTOPM/node_modules/jest-runner/build/testWorker.js:343:7)
    at Object.worker (/Users/rla/Projects/AUTOPM/node_modules/jest-runner/build/testWorker.js:497:12)</failure>
    </testcase>
  </testsuite>
  <testsuite name="setup-context7 migration tests" errors="0" failures="6" skipped="0" timestamp="2025-09-26T22:12:35" time="0.028" tests="6">
    <testcase classname="setup-context7 migration tests command tests should handle npm commands" name="setup-context7 migration tests command tests should handle npm commands" time="0.001">
      <failure>Error: ENOENT: no such file or directory, mkdtemp &apos;/Users/rla/Projects/AUTOPM/test/test/tmp-UW2wlO&apos;</failure>
      <failure>TypeError: The &quot;path&quot; argument must be of type string. Received undefined
    at Object.dirname (node:path:1409:5)
    at Object.dirname (/Users/rla/Projects/AUTOPM/test/migration/behavioral/setup-context7.test.js:16:24)
    at Promise.finally.completed (/Users/rla/Projects/AUTOPM/node_modules/jest-circus/build/jestAdapterInit.js:1556:28)
    at new Promise (&lt;anonymous&gt;)
    at callAsyncCircusFn (/Users/rla/Projects/AUTOPM/node_modules/jest-circus/build/jestAdapterInit.js:1496:10)
    at _callCircusHook (/Users/rla/Projects/AUTOPM/node_modules/jest-circus/build/jestAdapterInit.js:975:40)
    at _runTest (/Users/rla/Projects/AUTOPM/node_modules/jest-circus/build/jestAdapterInit.js:948:5)
    at _runTestsForDescribeBlock (/Users/rla/Projects/AUTOPM/node_modules/jest-circus/build/jestAdapterInit.js:839:13)
    at _runTestsForDescribeBlock (/Users/rla/Projects/AUTOPM/node_modules/jest-circus/build/jestAdapterInit.js:829:11)
    at _runTestsForDescribeBlock (/Users/rla/Projects/AUTOPM/node_modules/jest-circus/build/jestAdapterInit.js:829:11)
    at run (/Users/rla/Projects/AUTOPM/node_modules/jest-circus/build/jestAdapterInit.js:757:3)
    at runAndTransformResultsToJestFormat (/Users/rla/Projects/AUTOPM/node_modules/jest-circus/build/jestAdapterInit.js:1917:21)
    at jestAdapter (/Users/rla/Projects/AUTOPM/node_modules/jest-circus/build/runner.js:101:19)
    at runTestInternal (/Users/rla/Projects/AUTOPM/node_modules/jest-runner/build/testWorker.js:275:16)
    at runTest (/Users/rla/Projects/AUTOPM/node_modules/jest-runner/build/testWorker.js:343:7)
    at Object.worker (/Users/rla/Projects/AUTOPM/node_modules/jest-runner/build/testWorker.js:497:12)</failure>
    </testcase>
    <testcase classname="setup-context7 migration tests command tests should handle echo commands" name="setup-context7 migration tests command tests should handle echo commands" time="0">
      <failure>Error: ENOENT: no such file or directory, mkdtemp &apos;/Users/rla/Projects/AUTOPM/test/test/tmp-Nkwvf3&apos;</failure>
      <failure>TypeError: The &quot;path&quot; argument must be of type string. Received undefined
    at Object.dirname (node:path:1409:5)
    at Object.dirname (/Users/rla/Projects/AUTOPM/test/migration/behavioral/setup-context7.test.js:16:24)
    at Promise.finally.completed (/Users/rla/Projects/AUTOPM/node_modules/jest-circus/build/jestAdapterInit.js:1556:28)
    at new Promise (&lt;anonymous&gt;)
    at callAsyncCircusFn (/Users/rla/Projects/AUTOPM/node_modules/jest-circus/build/jestAdapterInit.js:1496:10)
    at _callCircusHook (/Users/rla/Projects/AUTOPM/node_modules/jest-circus/build/jestAdapterInit.js:975:40)
    at _runTest (/Users/rla/Projects/AUTOPM/node_modules/jest-circus/build/jestAdapterInit.js:948:5)
    at _runTestsForDescribeBlock (/Users/rla/Projects/AUTOPM/node_modules/jest-circus/build/jestAdapterInit.js:839:13)
    at _runTestsForDescribeBlock (/Users/rla/Projects/AUTOPM/node_modules/jest-circus/build/jestAdapterInit.js:829:11)
    at _runTestsForDescribeBlock (/Users/rla/Projects/AUTOPM/node_modules/jest-circus/build/jestAdapterInit.js:829:11)
    at run (/Users/rla/Projects/AUTOPM/node_modules/jest-circus/build/jestAdapterInit.js:757:3)
    at runAndTransformResultsToJestFormat (/Users/rla/Projects/AUTOPM/node_modules/jest-circus/build/jestAdapterInit.js:1917:21)
    at jestAdapter (/Users/rla/Projects/AUTOPM/node_modules/jest-circus/build/runner.js:101:19)
    at runTestInternal (/Users/rla/Projects/AUTOPM/node_modules/jest-runner/build/testWorker.js:275:16)
    at runTest (/Users/rla/Projects/AUTOPM/node_modules/jest-runner/build/testWorker.js:343:7)
    at Object.worker (/Users/rla/Projects/AUTOPM/node_modules/jest-runner/build/testWorker.js:497:12)</failure>
    </testcase>
    <testcase classname="setup-context7 migration tests command tests should handle grep commands" name="setup-context7 migration tests command tests should handle grep commands" time="0">
      <failure>Error: ENOENT: no such file or directory, mkdtemp &apos;/Users/rla/Projects/AUTOPM/test/test/tmp-bkg806&apos;</failure>
      <failure>TypeError: The &quot;path&quot; argument must be of type string. Received undefined
    at Object.dirname (node:path:1409:5)
    at Object.dirname (/Users/rla/Projects/AUTOPM/test/migration/behavioral/setup-context7.test.js:16:24)
    at Promise.finally.completed (/Users/rla/Projects/AUTOPM/node_modules/jest-circus/build/jestAdapterInit.js:1556:28)
    at new Promise (&lt;anonymous&gt;)
    at callAsyncCircusFn (/Users/rla/Projects/AUTOPM/node_modules/jest-circus/build/jestAdapterInit.js:1496:10)
    at _callCircusHook (/Users/rla/Projects/AUTOPM/node_modules/jest-circus/build/jestAdapterInit.js:975:40)
    at _runTest (/Users/rla/Projects/AUTOPM/node_modules/jest-circus/build/jestAdapterInit.js:948:5)
    at _runTestsForDescribeBlock (/Users/rla/Projects/AUTOPM/node_modules/jest-circus/build/jestAdapterInit.js:839:13)
    at _runTestsForDescribeBlock (/Users/rla/Projects/AUTOPM/node_modules/jest-circus/build/jestAdapterInit.js:829:11)
    at _runTestsForDescribeBlock (/Users/rla/Projects/AUTOPM/node_modules/jest-circus/build/jestAdapterInit.js:829:11)
    at run (/Users/rla/Projects/AUTOPM/node_modules/jest-circus/build/jestAdapterInit.js:757:3)
    at runAndTransformResultsToJestFormat (/Users/rla/Projects/AUTOPM/node_modules/jest-circus/build/jestAdapterInit.js:1917:21)
    at jestAdapter (/Users/rla/Projects/AUTOPM/node_modules/jest-circus/build/runner.js:101:19)
    at runTestInternal (/Users/rla/Projects/AUTOPM/node_modules/jest-runner/build/testWorker.js:275:16)
    at runTest (/Users/rla/Projects/AUTOPM/node_modules/jest-runner/build/testWorker.js:343:7)
    at Object.worker (/Users/rla/Projects/AUTOPM/node_modules/jest-runner/build/testWorker.js:497:12)</failure>
    </testcase>
    <testcase classname="setup-context7 migration tests parity tests should match bash output for standard input" name="setup-context7 migration tests parity tests should match bash output for standard input" time="0.001">
      <failure>Error: ENOENT: no such file or directory, mkdtemp &apos;/Users/rla/Projects/AUTOPM/test/test/tmp-DtkS8h&apos;</failure>
      <failure>TypeError: The &quot;path&quot; argument must be of type string. Received undefined
    at Object.dirname (node:path:1409:5)
    at Object.dirname (/Users/rla/Projects/AUTOPM/test/migration/behavioral/setup-context7.test.js:16:24)
    at Promise.finally.completed (/Users/rla/Projects/AUTOPM/node_modules/jest-circus/build/jestAdapterInit.js:1556:28)
    at new Promise (&lt;anonymous&gt;)
    at callAsyncCircusFn (/Users/rla/Projects/AUTOPM/node_modules/jest-circus/build/jestAdapterInit.js:1496:10)
    at _callCircusHook (/Users/rla/Projects/AUTOPM/node_modules/jest-circus/build/jestAdapterInit.js:975:40)
    at _runTest (/Users/rla/Projects/AUTOPM/node_modules/jest-circus/build/jestAdapterInit.js:948:5)
    at _runTestsForDescribeBlock (/Users/rla/Projects/AUTOPM/node_modules/jest-circus/build/jestAdapterInit.js:839:13)
    at _runTestsForDescribeBlock (/Users/rla/Projects/AUTOPM/node_modules/jest-circus/build/jestAdapterInit.js:829:11)
    at _runTestsForDescribeBlock (/Users/rla/Projects/AUTOPM/node_modules/jest-circus/build/jestAdapterInit.js:829:11)
    at run (/Users/rla/Projects/AUTOPM/node_modules/jest-circus/build/jestAdapterInit.js:757:3)
    at runAndTransformResultsToJestFormat (/Users/rla/Projects/AUTOPM/node_modules/jest-circus/build/jestAdapterInit.js:1917:21)
    at jestAdapter (/Users/rla/Projects/AUTOPM/node_modules/jest-circus/build/runner.js:101:19)
    at runTestInternal (/Users/rla/Projects/AUTOPM/node_modules/jest-runner/build/testWorker.js:275:16)
    at runTest (/Users/rla/Projects/AUTOPM/node_modules/jest-runner/build/testWorker.js:343:7)
    at Object.worker (/Users/rla/Projects/AUTOPM/node_modules/jest-runner/build/testWorker.js:497:12)</failure>
    </testcase>
    <testcase classname="setup-context7 migration tests error handling should handle missing arguments gracefully" name="setup-context7 migration tests error handling should handle missing arguments gracefully" time="0.001">
      <failure>Error: ENOENT: no such file or directory, mkdtemp &apos;/Users/rla/Projects/AUTOPM/test/test/tmp-Evcpdu&apos;</failure>
      <failure>TypeError: The &quot;path&quot; argument must be of type string. Received undefined
    at Object.dirname (node:path:1409:5)
    at Object.dirname (/Users/rla/Projects/AUTOPM/test/migration/behavioral/setup-context7.test.js:16:24)
    at Promise.finally.completed (/Users/rla/Projects/AUTOPM/node_modules/jest-circus/build/jestAdapterInit.js:1556:28)
    at new Promise (&lt;anonymous&gt;)
    at callAsyncCircusFn (/Users/rla/Projects/AUTOPM/node_modules/jest-circus/build/jestAdapterInit.js:1496:10)
    at _callCircusHook (/Users/rla/Projects/AUTOPM/node_modules/jest-circus/build/jestAdapterInit.js:975:40)
    at _runTest (/Users/rla/Projects/AUTOPM/node_modules/jest-circus/build/jestAdapterInit.js:948:5)
    at _runTestsForDescribeBlock (/Users/rla/Projects/AUTOPM/node_modules/jest-circus/build/jestAdapterInit.js:839:13)
    at _runTestsForDescribeBlock (/Users/rla/Projects/AUTOPM/node_modules/jest-circus/build/jestAdapterInit.js:829:11)
    at _runTestsForDescribeBlock (/Users/rla/Projects/AUTOPM/node_modules/jest-circus/build/jestAdapterInit.js:829:11)
    at run (/Users/rla/Projects/AUTOPM/node_modules/jest-circus/build/jestAdapterInit.js:757:3)
    at runAndTransformResultsToJestFormat (/Users/rla/Projects/AUTOPM/node_modules/jest-circus/build/jestAdapterInit.js:1917:21)
    at jestAdapter (/Users/rla/Projects/AUTOPM/node_modules/jest-circus/build/runner.js:101:19)
    at runTestInternal (/Users/rla/Projects/AUTOPM/node_modules/jest-runner/build/testWorker.js:275:16)
    at runTest (/Users/rla/Projects/AUTOPM/node_modules/jest-runner/build/testWorker.js:343:7)
    at Object.worker (/Users/rla/Projects/AUTOPM/node_modules/jest-runner/build/testWorker.js:497:12)</failure>
    </testcase>
    <testcase classname="setup-context7 migration tests error handling should handle invalid input" name="setup-context7 migration tests error handling should handle invalid input" time="0">
      <failure>Error: ENOENT: no such file or directory, mkdtemp &apos;/Users/rla/Projects/AUTOPM/test/test/tmp-bfjoli&apos;</failure>
      <failure>TypeError: The &quot;path&quot; argument must be of type string. Received undefined
    at Object.dirname (node:path:1409:5)
    at Object.dirname (/Users/rla/Projects/AUTOPM/test/migration/behavioral/setup-context7.test.js:16:24)
    at Promise.finally.completed (/Users/rla/Projects/AUTOPM/node_modules/jest-circus/build/jestAdapterInit.js:1556:28)
    at new Promise (&lt;anonymous&gt;)
    at callAsyncCircusFn (/Users/rla/Projects/AUTOPM/node_modules/jest-circus/build/jestAdapterInit.js:1496:10)
    at _callCircusHook (/Users/rla/Projects/AUTOPM/node_modules/jest-circus/build/jestAdapterInit.js:975:40)
    at _runTest (/Users/rla/Projects/AUTOPM/node_modules/jest-circus/build/jestAdapterInit.js:948:5)
    at _runTestsForDescribeBlock (/Users/rla/Projects/AUTOPM/node_modules/jest-circus/build/jestAdapterInit.js:839:13)
    at _runTestsForDescribeBlock (/Users/rla/Projects/AUTOPM/node_modules/jest-circus/build/jestAdapterInit.js:829:11)
    at _runTestsForDescribeBlock (/Users/rla/Projects/AUTOPM/node_modules/jest-circus/build/jestAdapterInit.js:829:11)
    at run (/Users/rla/Projects/AUTOPM/node_modules/jest-circus/build/jestAdapterInit.js:757:3)
    at runAndTransformResultsToJestFormat (/Users/rla/Projects/AUTOPM/node_modules/jest-circus/build/jestAdapterInit.js:1917:21)
    at jestAdapter (/Users/rla/Projects/AUTOPM/node_modules/jest-circus/build/runner.js:101:19)
    at runTestInternal (/Users/rla/Projects/AUTOPM/node_modules/jest-runner/build/testWorker.js:275:16)
    at runTest (/Users/rla/Projects/AUTOPM/node_modules/jest-runner/build/testWorker.js:343:7)
    at Object.worker (/Users/rla/Projects/AUTOPM/node_modules/jest-runner/build/testWorker.js:497:12)</failure>
    </testcase>
  </testsuite>
  <testsuite name="test-and-log migration tests" errors="0" failures="5" skipped="0" timestamp="2025-09-26T22:12:35" time="0.04" tests="5">
    <testcase classname="test-and-log migration tests command tests should handle echo commands" name="test-and-log migration tests command tests should handle echo commands" time="0.003">
      <failure>TypeError: Cannot read properties of undefined (reading &apos;runBashVersion&apos;)
    at runBashVersion (/Users/rla/Projects/AUTOPM/test/migration/jest-migration-helper.js:186:25)
    at Object.runScript (/Users/rla/Projects/AUTOPM/test/migration/behavioral/test-and-log.test.js:28:28)
    at Promise.finally.completed (/Users/rla/Projects/AUTOPM/node_modules/jest-circus/build/jestAdapterInit.js:1556:28)
    at new Promise (&lt;anonymous&gt;)
    at callAsyncCircusFn (/Users/rla/Projects/AUTOPM/node_modules/jest-circus/build/jestAdapterInit.js:1496:10)
    at _callCircusTest (/Users/rla/Projects/AUTOPM/node_modules/jest-circus/build/jestAdapterInit.js:1006:40)
    at _runTest (/Users/rla/Projects/AUTOPM/node_modules/jest-circus/build/jestAdapterInit.js:946:3)
    at _runTestsForDescribeBlock (/Users/rla/Projects/AUTOPM/node_modules/jest-circus/build/jestAdapterInit.js:839:13)
    at _runTestsForDescribeBlock (/Users/rla/Projects/AUTOPM/node_modules/jest-circus/build/jestAdapterInit.js:829:11)
    at _runTestsForDescribeBlock (/Users/rla/Projects/AUTOPM/node_modules/jest-circus/build/jestAdapterInit.js:829:11)
    at run (/Users/rla/Projects/AUTOPM/node_modules/jest-circus/build/jestAdapterInit.js:757:3)
    at runAndTransformResultsToJestFormat (/Users/rla/Projects/AUTOPM/node_modules/jest-circus/build/jestAdapterInit.js:1917:21)
    at jestAdapter (/Users/rla/Projects/AUTOPM/node_modules/jest-circus/build/runner.js:101:19)
    at runTestInternal (/Users/rla/Projects/AUTOPM/node_modules/jest-runner/build/testWorker.js:275:16)
    at runTest (/Users/rla/Projects/AUTOPM/node_modules/jest-runner/build/testWorker.js:343:7)
    at Object.worker (/Users/rla/Projects/AUTOPM/node_modules/jest-runner/build/testWorker.js:497:12)</failure>
    </testcase>
    <testcase classname="test-and-log migration tests command tests should handle test commands" name="test-and-log migration tests command tests should handle test commands" time="0.001">
      <failure>Error: ENOENT: no such file or directory, mkdtemp &apos;/Users/rla/Projects/AUTOPM/test/test/tmp-nU4X9Q&apos;</failure>
    </testcase>
    <testcase classname="test-and-log migration tests parity tests should match bash output for standard input" name="test-and-log migration tests parity tests should match bash output for standard input" time="0.001">
      <failure>Error: ENOENT: no such file or directory, mkdtemp &apos;/Users/rla/Projects/AUTOPM/test/test/tmp-Q2Jl5n&apos;</failure>
    </testcase>
    <testcase classname="test-and-log migration tests error handling should handle missing arguments gracefully" name="test-and-log migration tests error handling should handle missing arguments gracefully" time="0.001">
      <failure>Error: ENOENT: no such file or directory, mkdtemp &apos;/Users/rla/Projects/AUTOPM/test/test/tmp-FotQxG&apos;</failure>
    </testcase>
    <testcase classname="test-and-log migration tests error handling should handle invalid input" name="test-and-log migration tests error handling should handle invalid input" time="0.002">
      <failure>Error: ENOENT: no such file or directory, mkdtemp &apos;/Users/rla/Projects/AUTOPM/test/test/tmp-UvZOW5&apos;</failure>
    </testcase>
  </testsuite>
  <testsuite name="setup-env.js migration" errors="0" failures="1" skipped="0" timestamp="2025-09-26T22:12:34" time="1.258" tests="9">
    <testcase classname="setup-env.js migration Core functionality should display help when --help is passed" name="setup-env.js migration Core functionality should display help when --help is passed" time="0.052">
    </testcase>
    <testcase classname="setup-env.js migration Core functionality should validate ClaudeAutoPM installation" name="setup-env.js migration Core functionality should validate ClaudeAutoPM installation" time="0.19">
    </testcase>
    <testcase classname="setup-env.js migration Environment file creation should create .env file with default values" name="setup-env.js migration Environment file creation should create .env file with default values" time="0.156">
    </testcase>
    <testcase classname="setup-env.js migration Environment file creation should backup existing .env file" name="setup-env.js migration Environment file creation should backup existing .env file" time="0.136">
    </testcase>
    <testcase classname="setup-env.js migration Environment file creation should set secure permissions on .env file" name="setup-env.js migration Environment file creation should set secure permissions on .env file" time="0.135">
    </testcase>
    <testcase classname="setup-env.js migration Configuration options should accept configuration via command line" name="setup-env.js migration Configuration options should accept configuration via command line" time="0.068">
    </testcase>
    <testcase classname="setup-env.js migration Configuration options should validate input formats" name="setup-env.js migration Configuration options should validate input formats" time="0.081">
    </testcase>
    <testcase classname="setup-env.js migration Template processing should use .env.example as template" name="setup-env.js migration Template processing should use .env.example as template" time="0.053">
      <failure>Error: expect(received).toContain(expected) // indexOf

Expected substring: &quot;CUSTOM_VAR=&quot;
Received string:    &quot;# ============================================
# MCP (Model Context Protocol) Configuration
# Generated on 2025-09-26T22:12:35.312Z
# Target: /var/folders/6r/nlf3scq92x36d174267fqbb00000gn/T/setup-env-test-zailA3
# ============================================
# Context7 MCP Server Configuration
# ------------------------------------------
CONTEXT7_API_KEY=
CONTEXT7_MCP_URL=mcp.context7.com/mcp
CONTEXT7_API_URL=context7.com/api/v1
CONTEXT7_WORKSPACE=
CONTEXT7_MODE=documentation
CONTEXT7_CACHE_TTL=3600
# GitHub MCP Server Configuration
# ============================================
GITHUB_TOKEN=
GITHUB_API_URL=https://api.github.com
# Playwright MCP Server Configuration
# ============================================
PLAYWRIGHT_BROWSER=chromium
PLAYWRIGHT_HEADLESS=true
# Azure DevOps Configuration (Skipped)
# ============================================
# AZURE_DEVOPS_PAT=your-azure-devops-pat
# AZURE_DEVOPS_ORG=your-organization
# AZURE_DEVOPS_PROJECT=your-project
# ============================================
# MCP Context Pool Settings
# ============================================
# Maximum context pool size for shared contexts
MCP_CONTEXT_POOL_MAX_SIZE=100MB
# Context retention period (e.g., 7d, 24h, 1w)
MCP_CONTEXT_RETENTION=7d
# Context refresh interval (daily, hourly, on-change)
MCP_CONTEXT_REFRESH=daily
# ============================================
# Development &amp; Testing
# ============================================
# Enable MCP debug logging (true/false)
MCP_DEBUG=false
# MCP log level (error, warn, info, debug, trace)
MCP_LOG_LEVEL=info
# ============================================
# IMPORTANT SECURITY NOTES
# ============================================
# 1. NEVER commit this file to version control
# 2. This file is already in .gitignore
# 3. Keep this file secure with proper permissions (600)
# 4. Rotate API keys regularly
# 5. Use environment-specific .env files for different environments
# 6. Consider using a secrets management service for production
# ============================================
&quot;
    at Object.toContain (/Users/rla/Projects/AUTOPM/test/migration/behavioral/setup-env.test.js:133:23)
    at Promise.finally.completed (/Users/rla/Projects/AUTOPM/node_modules/jest-circus/build/jestAdapterInit.js:1556:28)
    at new Promise (&lt;anonymous&gt;)
    at callAsyncCircusFn (/Users/rla/Projects/AUTOPM/node_modules/jest-circus/build/jestAdapterInit.js:1496:10)
    at _callCircusTest (/Users/rla/Projects/AUTOPM/node_modules/jest-circus/build/jestAdapterInit.js:1006:40)
    at processTicksAndRejections (node:internal/process/task_queues:105:5)
    at _runTest (/Users/rla/Projects/AUTOPM/node_modules/jest-circus/build/jestAdapterInit.js:946:3)
    at _runTestsForDescribeBlock (/Users/rla/Projects/AUTOPM/node_modules/jest-circus/build/jestAdapterInit.js:839:13)
    at _runTestsForDescribeBlock (/Users/rla/Projects/AUTOPM/node_modules/jest-circus/build/jestAdapterInit.js:829:11)
    at _runTestsForDescribeBlock (/Users/rla/Projects/AUTOPM/node_modules/jest-circus/build/jestAdapterInit.js:829:11)
    at run (/Users/rla/Projects/AUTOPM/node_modules/jest-circus/build/jestAdapterInit.js:757:3)
    at runAndTransformResultsToJestFormat (/Users/rla/Projects/AUTOPM/node_modules/jest-circus/build/jestAdapterInit.js:1917:21)
    at jestAdapter (/Users/rla/Projects/AUTOPM/node_modules/jest-circus/build/runner.js:101:19)
    at runTestInternal (/Users/rla/Projects/AUTOPM/node_modules/jest-runner/build/testWorker.js:275:16)
    at runTest (/Users/rla/Projects/AUTOPM/node_modules/jest-runner/build/testWorker.js:343:7)
    at Object.worker (/Users/rla/Projects/AUTOPM/node_modules/jest-runner/build/testWorker.js:497:12)</failure>
    </testcase>
    <testcase classname="setup-env.js migration Backward compatibility should support same command-line interface as bash version" name="setup-env.js migration Backward compatibility should support same command-line interface as bash version" time="0.165">
    </testcase>
  </testsuite>
  <testsuite name="merge-claude.js migration" errors="0" failures="0" skipped="0" timestamp="2025-09-26T22:12:34" time="0.867" tests="10">
    <testcase classname="merge-claude.js migration Core functionality should display help when --help is passed" name="merge-claude.js migration Core functionality should display help when --help is passed" time="0.048">
    </testcase>
    <testcase classname="merge-claude.js migration Core functionality should validate required files" name="merge-claude.js migration Core functionality should validate required files" time="0.122">
    </testcase>
    <testcase classname="merge-claude.js migration Merge operations should generate merge prompt" name="merge-claude.js migration Merge operations should generate merge prompt" time="0.139">
    </testcase>
    <testcase classname="merge-claude.js migration Merge operations should perform simple merge" name="merge-claude.js migration Merge operations should perform simple merge" time="0.045">
    </testcase>
    <testcase classname="merge-claude.js migration Merge operations should preserve user customizations" name="merge-claude.js migration Merge operations should preserve user customizations" time="0.121">
    </testcase>
    <testcase classname="merge-claude.js migration Merge operations should handle conflicts intelligently" name="merge-claude.js migration Merge operations should handle conflicts intelligently" time="0.061">
    </testcase>
    <testcase classname="merge-claude.js migration Backup and safety should create backup of existing file" name="merge-claude.js migration Backup and safety should create backup of existing file" time="0.103">
    </testcase>
    <testcase classname="merge-claude.js migration Backup and safety should validate markdown syntax" name="merge-claude.js migration Backup and safety should validate markdown syntax" time="0.028">
    </testcase>
    <testcase classname="merge-claude.js migration Interactive mode should show diff preview" name="merge-claude.js migration Interactive mode should show diff preview" time="0.08">
    </testcase>
    <testcase classname="merge-claude.js migration Backward compatibility should support same command-line options as bash version" name="merge-claude.js migration Backward compatibility should support same command-line options as bash version" time="0.095">
    </testcase>
  </testsuite>
  <testsuite name="epic-list parity tests" errors="0" failures="2" skipped="0" timestamp="2025-09-26T22:12:35" time="0.605" tests="8">
    <testcase classname="epic-list parity tests output comparison should produce identical output for listing epics" name="epic-list parity tests output comparison should produce identical output for listing epics" time="0.17">
      <failure>TypeError: expect(...).toMatchBashOutput is not a function
    at Object.toMatchBashOutput (/Users/rla/Projects/AUTOPM/test/migration/parity/epic-list.test.js:61:38)</failure>
    </testcase>
    <testcase classname="epic-list parity tests output comparison should handle empty epics directory" name="epic-list parity tests output comparison should handle empty epics directory" time="0.109">
    </testcase>
    <testcase classname="epic-list parity tests output comparison should handle missing .claude directory" name="epic-list parity tests output comparison should handle missing .claude directory" time="0.098">
    </testcase>
    <testcase classname="epic-list parity tests performance Node version should not be significantly slower" name="epic-list parity tests performance Node version should not be significantly slower" time="0.095">
    </testcase>
    <testcase classname="epic-list parity tests error handling should handle invalid arguments consistently" name="epic-list parity tests error handling should handle invalid arguments consistently" time="0.085">
    </testcase>
    <testcase classname="Jest setup verification should run tests successfully" name="Jest setup verification should run tests successfully" time="0">
    </testcase>
    <testcase classname="Jest setup verification should load custom matchers" name="Jest setup verification should load custom matchers" time="0">
      <failure>Error: expect(received).toBeDefined()

Received: undefined
    at Object.toBeDefined (/Users/rla/Projects/AUTOPM/test/migration/parity/epic-list.test.js:132:38)
    at Promise.finally.completed (/Users/rla/Projects/AUTOPM/node_modules/jest-circus/build/jestAdapterInit.js:1556:28)
    at new Promise (&lt;anonymous&gt;)
    at callAsyncCircusFn (/Users/rla/Projects/AUTOPM/node_modules/jest-circus/build/jestAdapterInit.js:1496:10)
    at _callCircusTest (/Users/rla/Projects/AUTOPM/node_modules/jest-circus/build/jestAdapterInit.js:1006:40)
    at _runTest (/Users/rla/Projects/AUTOPM/node_modules/jest-circus/build/jestAdapterInit.js:946:3)
    at _runTestsForDescribeBlock (/Users/rla/Projects/AUTOPM/node_modules/jest-circus/build/jestAdapterInit.js:839:13)
    at _runTestsForDescribeBlock (/Users/rla/Projects/AUTOPM/node_modules/jest-circus/build/jestAdapterInit.js:829:11)
    at run (/Users/rla/Projects/AUTOPM/node_modules/jest-circus/build/jestAdapterInit.js:757:3)
    at runAndTransformResultsToJestFormat (/Users/rla/Projects/AUTOPM/node_modules/jest-circus/build/jestAdapterInit.js:1917:21)
    at jestAdapter (/Users/rla/Projects/AUTOPM/node_modules/jest-circus/build/runner.js:101:19)
    at runTestInternal (/Users/rla/Projects/AUTOPM/node_modules/jest-runner/build/testWorker.js:275:16)
    at runTest (/Users/rla/Projects/AUTOPM/node_modules/jest-runner/build/testWorker.js:343:7)
    at Object.worker (/Users/rla/Projects/AUTOPM/node_modules/jest-runner/build/testWorker.js:497:12)</failure>
    </testcase>
    <testcase classname="Jest setup verification should access helper functions" name="Jest setup verification should access helper functions" time="0">
    </testcase>
  </testsuite>
  <testsuite name="install.js migration" errors="0" failures="1" skipped="0" timestamp="2025-09-26T22:12:34" time="2.405" tests="13">
    <testcase classname="install.js migration Core functionality should display help when --help is passed" name="install.js migration Core functionality should display help when --help is passed" time="0.051">
    </testcase>
    <testcase classname="install.js migration Core functionality should display version when --version is passed" name="install.js migration Core functionality should display version when --version is passed" time="0.194">
    </testcase>
    <testcase classname="install.js migration Core functionality should validate target directory" name="install.js migration Core functionality should validate target directory" time="0.14">
    </testcase>
    <testcase classname="install.js migration Installation modes should support minimal installation" name="install.js migration Installation modes should support minimal installation" time="0.138">
    </testcase>
    <testcase classname="install.js migration Installation modes should support docker installation" name="install.js migration Installation modes should support docker installation" time="0.218">
    </testcase>
    <testcase classname="install.js migration File operations should copy .claude directory structure" name="install.js migration File operations should copy .claude directory structure" time="0.228">
    </testcase>
    <testcase classname="install.js migration File operations should create backup of existing files" name="install.js migration File operations should create backup of existing files" time="0.155">
    </testcase>
    <testcase classname="install.js migration CLAUDE.md handling should merge existing CLAUDE.md with template" name="install.js migration CLAUDE.md handling should merge existing CLAUDE.md with template" time="0.117">
    </testcase>
    <testcase classname="install.js migration Script installation should install safe-commit.sh script" name="install.js migration Script installation should install safe-commit.sh script" time="0.107">
    </testcase>
    <testcase classname="install.js migration Git hooks setup should setup git hooks when requested" name="install.js migration Git hooks setup should setup git hooks when requested" time="0.219">
      <failure>Error: expect(received).toBe(expected) // Object.is equality

Expected: true
Received: false
    at Object.toBe (/Users/rla/Projects/AUTOPM/test/migration/behavioral/install.test.js:182:39)
    at Promise.finally.completed (/Users/rla/Projects/AUTOPM/node_modules/jest-circus/build/jestAdapterInit.js:1556:28)
    at new Promise (&lt;anonymous&gt;)
    at callAsyncCircusFn (/Users/rla/Projects/AUTOPM/node_modules/jest-circus/build/jestAdapterInit.js:1496:10)
    at _callCircusTest (/Users/rla/Projects/AUTOPM/node_modules/jest-circus/build/jestAdapterInit.js:1006:40)
    at processTicksAndRejections (node:internal/process/task_queues:105:5)
    at _runTest (/Users/rla/Projects/AUTOPM/node_modules/jest-circus/build/jestAdapterInit.js:946:3)
    at _runTestsForDescribeBlock (/Users/rla/Projects/AUTOPM/node_modules/jest-circus/build/jestAdapterInit.js:839:13)
    at _runTestsForDescribeBlock (/Users/rla/Projects/AUTOPM/node_modules/jest-circus/build/jestAdapterInit.js:829:11)
    at _runTestsForDescribeBlock (/Users/rla/Projects/AUTOPM/node_modules/jest-circus/build/jestAdapterInit.js:829:11)
    at run (/Users/rla/Projects/AUTOPM/node_modules/jest-circus/build/jestAdapterInit.js:757:3)
    at runAndTransformResultsToJestFormat (/Users/rla/Projects/AUTOPM/node_modules/jest-circus/build/jestAdapterInit.js:1917:21)
    at jestAdapter (/Users/rla/Projects/AUTOPM/node_modules/jest-circus/build/runner.js:101:19)
    at runTestInternal (/Users/rla/Projects/AUTOPM/node_modules/jest-runner/build/testWorker.js:275:16)
    at runTest (/Users/rla/Projects/AUTOPM/node_modules/jest-runner/build/testWorker.js:343:7)
    at Object.worker (/Users/rla/Projects/AUTOPM/node_modules/jest-runner/build/testWorker.js:497:12)</failure>
    </testcase>
    <testcase classname="install.js migration Environment validation should check for required tools" name="install.js migration Environment validation should check for required tools" time="0.261">
    </testcase>
    <testcase classname="install.js migration Backward compatibility should maintain same exit codes as bash version" name="install.js migration Backward compatibility should maintain same exit codes as bash version" time="0.028">
    </testcase>
    <testcase classname="install.js migration Backward compatibility should support same command-line options as bash version" name="install.js migration Backward compatibility should support same command-line options as bash version" time="0.328">
    </testcase>
  </testsuite>
  <testsuite name="install.js migration" errors="0" failures="1" skipped="0" timestamp="2025-09-26T22:12:34" time="2.408" tests="13">
    <testcase classname="install.js migration Core functionality should display help when --help is passed" name="install.js migration Core functionality should display help when --help is passed" time="0.209">
    </testcase>
    <testcase classname="install.js migration Core functionality should display version when --version is passed" name="install.js migration Core functionality should display version when --version is passed" time="0.047">
    </testcase>
    <testcase classname="install.js migration Core functionality should validate target directory" name="install.js migration Core functionality should validate target directory" time="0.124">
    </testcase>
    <testcase classname="install.js migration Installation modes should support minimal installation" name="install.js migration Installation modes should support minimal installation" time="0.28">
    </testcase>
    <testcase classname="install.js migration Installation modes should support docker installation" name="install.js migration Installation modes should support docker installation" time="0.297">
    </testcase>
    <testcase classname="install.js migration File operations should copy .claude directory structure" name="install.js migration File operations should copy .claude directory structure" time="0.157">
    </testcase>
    <testcase classname="install.js migration File operations should create backup of existing files" name="install.js migration File operations should create backup of existing files" time="0.117">
    </testcase>
    <testcase classname="install.js migration CLAUDE.md handling should merge existing CLAUDE.md with template" name="install.js migration CLAUDE.md handling should merge existing CLAUDE.md with template" time="0.106">
    </testcase>
    <testcase classname="install.js migration Script installation should install safe-commit.sh script" name="install.js migration Script installation should install safe-commit.sh script" time="0.152">
    </testcase>
    <testcase classname="install.js migration Git hooks setup should setup git hooks when requested" name="install.js migration Git hooks setup should setup git hooks when requested" time="0.159">
      <failure>Error: expect(received).toBe(expected) // Object.is equality

Expected: true
Received: false
    at Object.toBe (/Users/rla/Projects/AUTOPM/test/migration/behavioral/install.test.js:182:39)
    at Promise.finally.completed (/Users/rla/Projects/AUTOPM/node_modules/jest-circus/build/jestAdapterInit.js:1556:28)
    at new Promise (&lt;anonymous&gt;)
    at callAsyncCircusFn (/Users/rla/Projects/AUTOPM/node_modules/jest-circus/build/jestAdapterInit.js:1496:10)
    at _callCircusTest (/Users/rla/Projects/AUTOPM/node_modules/jest-circus/build/jestAdapterInit.js:1006:40)
    at processTicksAndRejections (node:internal/process/task_queues:105:5)
    at _runTest (/Users/rla/Projects/AUTOPM/node_modules/jest-circus/build/jestAdapterInit.js:946:3)
    at _runTestsForDescribeBlock (/Users/rla/Projects/AUTOPM/node_modules/jest-circus/build/jestAdapterInit.js:839:13)
    at _runTestsForDescribeBlock (/Users/rla/Projects/AUTOPM/node_modules/jest-circus/build/jestAdapterInit.js:829:11)
    at _runTestsForDescribeBlock (/Users/rla/Projects/AUTOPM/node_modules/jest-circus/build/jestAdapterInit.js:829:11)
    at run (/Users/rla/Projects/AUTOPM/node_modules/jest-circus/build/jestAdapterInit.js:757:3)
    at runAndTransformResultsToJestFormat (/Users/rla/Projects/AUTOPM/node_modules/jest-circus/build/jestAdapterInit.js:1917:21)
    at jestAdapter (/Users/rla/Projects/AUTOPM/node_modules/jest-circus/build/runner.js:101:19)
    at runTestInternal (/Users/rla/Projects/AUTOPM/node_modules/jest-runner/build/testWorker.js:275:16)
    at runTest (/Users/rla/Projects/AUTOPM/node_modules/jest-runner/build/testWorker.js:343:7)
    at Object.worker (/Users/rla/Projects/AUTOPM/node_modules/jest-runner/build/testWorker.js:497:12)</failure>
    </testcase>
    <testcase classname="install.js migration Environment validation should check for required tools" name="install.js migration Environment validation should check for required tools" time="0.176">
    </testcase>
    <testcase classname="install.js migration Backward compatibility should maintain same exit codes as bash version" name="install.js migration Backward compatibility should maintain same exit codes as bash version" time="0.029">
    </testcase>
    <testcase classname="install.js migration Backward compatibility should support same command-line options as bash version" name="install.js migration Backward compatibility should support same command-line options as bash version" time="0.323">
    </testcase>
  </testsuite>
</testsuites>